[ 2017-09-02T00:00:33+08:00 ] 127.0.0.1 /
INFO: [ app_init ] --START--
INFO: Run Behavior\BuildLiteBehavior [ RunTime:0.000018s ]
INFO: [ app_init ] --END-- [ RunTime:0.000665s ]
INFO: [ app_begin ] --START--
INFO: Run Behavior\ReadHtmlCacheBehavior [ RunTime:0.001028s ]
INFO: [ app_begin ] --END-- [ RunTime:0.001098s ]
SQL: SHOW COLUMNS FROM `abc_menu` [ RunTime:0.0047s ]
SQL: SELECT * FROM `abc_menu` WHERE `status` = 1 AND `pid` = 0 ORDER BY sort  [ RunTime:0.0003s ]
SQL: SELECT * FROM `abc_menu` WHERE `status` = 1 AND `pid` = 7 ORDER BY sort  [ RunTime:0.0003s ]
SQL: SELECT * FROM `abc_menu` WHERE `status` = 1 AND `pid` = 12 ORDER BY sort  [ RunTime:0.0003s ]
SQL: SELECT * FROM `abc_menu` WHERE `status` = 1 AND `pid` = 13 ORDER BY sort  [ RunTime:0.0002s ]
SQL: SELECT * FROM `abc_menu` WHERE `status` = 1 AND `pid` = 14 ORDER BY sort  [ RunTime:0.0002s ]
SQL: SELECT * FROM `abc_menu` WHERE `status` = 1 AND `pid` = 15 ORDER BY sort  [ RunTime:0.0002s ]
SQL: SELECT * FROM `abc_menu` WHERE `status` = 1 AND `pid` = 6 ORDER BY sort  [ RunTime:0.0002s ]
SQL: SELECT * FROM `abc_menu` WHERE `status` = 1 AND `pid` = 2 ORDER BY sort  [ RunTime:0.0002s ]
SQL: SELECT * FROM `abc_menu` WHERE `status` = 1 AND `pid` = 3 ORDER BY sort  [ RunTime:0.0002s ]
SQL: SELECT * FROM `abc_menu` WHERE `status` = 1 AND `pid` = 4 ORDER BY sort  [ RunTime:0.0002s ]
SQL: SELECT * FROM `abc_menu` WHERE `status` = 1 AND `pid` = 5 ORDER BY sort  [ RunTime:0.0002s ]
SQL: SELECT * FROM `abc_menu` WHERE `status` = 1 AND `pid` = 1 ORDER BY sort  [ RunTime:0.0002s ]
SQL: SELECT * FROM `abc_menu` WHERE `status` = 1 AND `pid` = 8 ORDER BY sort  [ RunTime:0.0002s ]
SQL: SELECT * FROM `abc_menu` WHERE `status` = 1 AND `pid` = 9 ORDER BY sort  [ RunTime:0.0003s ]
SQL: SELECT * FROM `abc_menu` WHERE `status` = 1 AND `pid` = 10 ORDER BY sort  [ RunTime:0.0002s ]

[ 2017-09-02T00:01:48+08:00 ] 127.0.0.1 /
INFO: [ app_init ] --START--
INFO: Run Behavior\BuildLiteBehavior [ RunTime:0.000028s ]
INFO: [ app_init ] --END-- [ RunTime:0.000864s ]
INFO: [ app_begin ] --START--
INFO: Run Behavior\ReadHtmlCacheBehavior [ RunTime:0.003097s ]
INFO: [ app_begin ] --END-- [ RunTime:0.003214s ]
SQL: SHOW COLUMNS FROM `abc_menu` [ RunTime:0.0036s ]
SQL: SELECT * FROM `abc_menu` WHERE `status` = 1 AND `pid` = 0 ORDER BY sort  [ RunTime:0.0003s ]
SQL: SELECT * FROM `abc_menu` WHERE `status` = 1 AND `pid` = 7 ORDER BY sort  [ RunTime:0.0002s ]
SQL: SELECT * FROM `abc_menu` WHERE `status` = 1 AND `pid` = 12 ORDER BY sort  [ RunTime:0.0002s ]
SQL: SELECT * FROM `abc_menu` WHERE `status` = 1 AND `pid` = 13 ORDER BY sort  [ RunTime:0.0002s ]
SQL: SELECT * FROM `abc_menu` WHERE `status` = 1 AND `pid` = 14 ORDER BY sort  [ RunTime:0.0002s ]
SQL: SELECT * FROM `abc_menu` WHERE `status` = 1 AND `pid` = 15 ORDER BY sort  [ RunTime:0.0002s ]
SQL: SELECT * FROM `abc_menu` WHERE `status` = 1 AND `pid` = 6 ORDER BY sort  [ RunTime:0.0002s ]
SQL: SELECT * FROM `abc_menu` WHERE `status` = 1 AND `pid` = 2 ORDER BY sort  [ RunTime:0.0002s ]
SQL: SELECT * FROM `abc_menu` WHERE `status` = 1 AND `pid` = 3 ORDER BY sort  [ RunTime:0.0002s ]
SQL: SELECT * FROM `abc_menu` WHERE `status` = 1 AND `pid` = 4 ORDER BY sort  [ RunTime:0.0002s ]
SQL: SELECT * FROM `abc_menu` WHERE `status` = 1 AND `pid` = 5 ORDER BY sort  [ RunTime:0.0002s ]
SQL: SELECT * FROM `abc_menu` WHERE `status` = 1 AND `pid` = 1 ORDER BY sort  [ RunTime:0.0002s ]
SQL: SELECT * FROM `abc_menu` WHERE `status` = 1 AND `pid` = 8 ORDER BY sort  [ RunTime:0.0002s ]
SQL: SELECT * FROM `abc_menu` WHERE `status` = 1 AND `pid` = 9 ORDER BY sort  [ RunTime:0.0002s ]
SQL: SELECT * FROM `abc_menu` WHERE `status` = 1 AND `pid` = 10 ORDER BY sort  [ RunTime:0.0002s ]

[ 2017-09-02T00:04:09+08:00 ] 127.0.0.1 /
INFO: [ app_init ] --START--
INFO: Run Behavior\BuildLiteBehavior [ RunTime:0.000017s ]
INFO: [ app_init ] --END-- [ RunTime:0.000548s ]
INFO: [ app_begin ] --START--
INFO: Run Behavior\ReadHtmlCacheBehavior [ RunTime:0.000935s ]
INFO: [ app_begin ] --END-- [ RunTime:0.000995s ]
SQL: SHOW COLUMNS FROM `abc_menu` [ RunTime:0.0041s ]
SQL: SELECT * FROM `abc_menu` WHERE `status` = 1 AND `pid` = 0 ORDER BY sort  [ RunTime:0.0002s ]
SQL: SELECT * FROM `abc_menu` WHERE `status` = 1 AND `pid` = 7 ORDER BY sort  [ RunTime:0.0002s ]
SQL: SELECT * FROM `abc_menu` WHERE `status` = 1 AND `pid` = 12 ORDER BY sort  [ RunTime:0.0002s ]
SQL: SELECT * FROM `abc_menu` WHERE `status` = 1 AND `pid` = 13 ORDER BY sort  [ RunTime:0.0002s ]
SQL: SELECT * FROM `abc_menu` WHERE `status` = 1 AND `pid` = 14 ORDER BY sort  [ RunTime:0.0002s ]
SQL: SELECT * FROM `abc_menu` WHERE `status` = 1 AND `pid` = 15 ORDER BY sort  [ RunTime:0.0002s ]
SQL: SELECT * FROM `abc_menu` WHERE `status` = 1 AND `pid` = 6 ORDER BY sort  [ RunTime:0.0002s ]
SQL: SELECT * FROM `abc_menu` WHERE `status` = 1 AND `pid` = 2 ORDER BY sort  [ RunTime:0.0002s ]
SQL: SELECT * FROM `abc_menu` WHERE `status` = 1 AND `pid` = 3 ORDER BY sort  [ RunTime:0.0002s ]
SQL: SELECT * FROM `abc_menu` WHERE `status` = 1 AND `pid` = 4 ORDER BY sort  [ RunTime:0.0002s ]
SQL: SELECT * FROM `abc_menu` WHERE `status` = 1 AND `pid` = 5 ORDER BY sort  [ RunTime:0.0002s ]
SQL: SELECT * FROM `abc_menu` WHERE `status` = 1 AND `pid` = 1 ORDER BY sort  [ RunTime:0.0002s ]
SQL: SELECT * FROM `abc_menu` WHERE `status` = 1 AND `pid` = 8 ORDER BY sort  [ RunTime:0.0002s ]
SQL: SELECT * FROM `abc_menu` WHERE `status` = 1 AND `pid` = 9 ORDER BY sort  [ RunTime:0.0002s ]
SQL: SELECT * FROM `abc_menu` WHERE `status` = 1 AND `pid` = 10 ORDER BY sort  [ RunTime:0.0002s ]

[ 2017-09-02T00:08:13+08:00 ] 127.0.0.1 /
INFO: [ app_init ] --START--
INFO: Run Behavior\BuildLiteBehavior [ RunTime:0.000018s ]
INFO: [ app_init ] --END-- [ RunTime:0.000595s ]
INFO: [ app_begin ] --START--
INFO: Run Behavior\ReadHtmlCacheBehavior [ RunTime:0.000799s ]
INFO: [ app_begin ] --END-- [ RunTime:0.000867s ]
SQL: SHOW COLUMNS FROM `abc_menu` [ RunTime:0.0041s ]
SQL: SELECT * FROM `abc_menu` WHERE `status` = 1 AND `pid` = 0 ORDER BY sort  [ RunTime:0.0003s ]
SQL: SELECT * FROM `abc_menu` WHERE `status` = 1 AND `pid` = 7 ORDER BY sort  [ RunTime:0.0002s ]
SQL: SELECT * FROM `abc_menu` WHERE `status` = 1 AND `pid` = 12 ORDER BY sort  [ RunTime:0.0002s ]
SQL: SELECT * FROM `abc_menu` WHERE `status` = 1 AND `pid` = 13 ORDER BY sort  [ RunTime:0.0002s ]
SQL: SELECT * FROM `abc_menu` WHERE `status` = 1 AND `pid` = 14 ORDER BY sort  [ RunTime:0.0002s ]
SQL: SELECT * FROM `abc_menu` WHERE `status` = 1 AND `pid` = 15 ORDER BY sort  [ RunTime:0.0002s ]
SQL: SELECT * FROM `abc_menu` WHERE `status` = 1 AND `pid` = 6 ORDER BY sort  [ RunTime:0.0002s ]
SQL: SELECT * FROM `abc_menu` WHERE `status` = 1 AND `pid` = 2 ORDER BY sort  [ RunTime:0.0002s ]
SQL: SELECT * FROM `abc_menu` WHERE `status` = 1 AND `pid` = 3 ORDER BY sort  [ RunTime:0.0002s ]
SQL: SELECT * FROM `abc_menu` WHERE `status` = 1 AND `pid` = 4 ORDER BY sort  [ RunTime:0.0002s ]
SQL: SELECT * FROM `abc_menu` WHERE `status` = 1 AND `pid` = 5 ORDER BY sort  [ RunTime:0.0002s ]
SQL: SELECT * FROM `abc_menu` WHERE `status` = 1 AND `pid` = 1 ORDER BY sort  [ RunTime:0.0002s ]
SQL: SELECT * FROM `abc_menu` WHERE `status` = 1 AND `pid` = 8 ORDER BY sort  [ RunTime:0.0002s ]
SQL: SELECT * FROM `abc_menu` WHERE `status` = 1 AND `pid` = 9 ORDER BY sort  [ RunTime:0.0002s ]
SQL: SELECT * FROM `abc_menu` WHERE `status` = 1 AND `pid` = 10 ORDER BY sort  [ RunTime:0.0002s ]

[ 2017-09-02T00:08:28+08:00 ] 127.0.0.1 /
INFO: [ app_init ] --START--
INFO: Run Behavior\BuildLiteBehavior [ RunTime:0.000015s ]
INFO: [ app_init ] --END-- [ RunTime:0.000552s ]
INFO: [ app_begin ] --START--
INFO: Run Behavior\ReadHtmlCacheBehavior [ RunTime:0.001306s ]
INFO: [ app_begin ] --END-- [ RunTime:0.001392s ]
SQL: SHOW COLUMNS FROM `abc_menu` [ RunTime:0.0041s ]
SQL: SELECT * FROM `abc_menu` WHERE `status` = 1 AND `pid` = 0 ORDER BY sort  [ RunTime:0.0003s ]
SQL: SELECT * FROM `abc_menu` WHERE `status` = 1 AND `pid` = 7 ORDER BY sort  [ RunTime:0.0002s ]
SQL: SELECT * FROM `abc_menu` WHERE `status` = 1 AND `pid` = 12 ORDER BY sort  [ RunTime:0.0003s ]
SQL: SELECT * FROM `abc_menu` WHERE `status` = 1 AND `pid` = 13 ORDER BY sort  [ RunTime:0.0002s ]
SQL: SELECT * FROM `abc_menu` WHERE `status` = 1 AND `pid` = 14 ORDER BY sort  [ RunTime:0.0002s ]
SQL: SELECT * FROM `abc_menu` WHERE `status` = 1 AND `pid` = 15 ORDER BY sort  [ RunTime:0.0002s ]
SQL: SELECT * FROM `abc_menu` WHERE `status` = 1 AND `pid` = 6 ORDER BY sort  [ RunTime:0.0002s ]
SQL: SELECT * FROM `abc_menu` WHERE `status` = 1 AND `pid` = 2 ORDER BY sort  [ RunTime:0.0002s ]
SQL: SELECT * FROM `abc_menu` WHERE `status` = 1 AND `pid` = 3 ORDER BY sort  [ RunTime:0.0002s ]
SQL: SELECT * FROM `abc_menu` WHERE `status` = 1 AND `pid` = 4 ORDER BY sort  [ RunTime:0.0002s ]
SQL: SELECT * FROM `abc_menu` WHERE `status` = 1 AND `pid` = 5 ORDER BY sort  [ RunTime:0.0002s ]
SQL: SELECT * FROM `abc_menu` WHERE `status` = 1 AND `pid` = 1 ORDER BY sort  [ RunTime:0.0002s ]
SQL: SELECT * FROM `abc_menu` WHERE `status` = 1 AND `pid` = 8 ORDER BY sort  [ RunTime:0.0002s ]
SQL: SELECT * FROM `abc_menu` WHERE `status` = 1 AND `pid` = 9 ORDER BY sort  [ RunTime:0.0002s ]
SQL: SELECT * FROM `abc_menu` WHERE `status` = 1 AND `pid` = 10 ORDER BY sort  [ RunTime:0.0002s ]

[ 2017-09-02T00:09:00+08:00 ] 127.0.0.1 /
INFO: [ app_init ] --START--
INFO: Run Behavior\BuildLiteBehavior [ RunTime:0.000017s ]
INFO: [ app_init ] --END-- [ RunTime:0.000529s ]
INFO: [ app_begin ] --START--
INFO: Run Behavior\ReadHtmlCacheBehavior [ RunTime:0.000860s ]
INFO: [ app_begin ] --END-- [ RunTime:0.000941s ]
SQL: SHOW COLUMNS FROM `abc_menu` [ RunTime:0.0038s ]
SQL: SELECT * FROM `abc_menu` WHERE `status` = 1 AND `pid` = 0 ORDER BY sort  [ RunTime:0.0003s ]
SQL: SELECT * FROM `abc_menu` WHERE `status` = 1 AND `pid` = 7 ORDER BY sort  [ RunTime:0.0003s ]
SQL: SELECT * FROM `abc_menu` WHERE `status` = 1 AND `pid` = 12 ORDER BY sort  [ RunTime:0.0002s ]
SQL: SELECT * FROM `abc_menu` WHERE `status` = 1 AND `pid` = 13 ORDER BY sort  [ RunTime:0.0002s ]
SQL: SELECT * FROM `abc_menu` WHERE `status` = 1 AND `pid` = 14 ORDER BY sort  [ RunTime:0.0002s ]
SQL: SELECT * FROM `abc_menu` WHERE `status` = 1 AND `pid` = 15 ORDER BY sort  [ RunTime:0.0002s ]
SQL: SELECT * FROM `abc_menu` WHERE `status` = 1 AND `pid` = 6 ORDER BY sort  [ RunTime:0.0002s ]
SQL: SELECT * FROM `abc_menu` WHERE `status` = 1 AND `pid` = 2 ORDER BY sort  [ RunTime:0.0003s ]
SQL: SELECT * FROM `abc_menu` WHERE `status` = 1 AND `pid` = 3 ORDER BY sort  [ RunTime:0.0003s ]
SQL: SELECT * FROM `abc_menu` WHERE `status` = 1 AND `pid` = 4 ORDER BY sort  [ RunTime:0.0003s ]
SQL: SELECT * FROM `abc_menu` WHERE `status` = 1 AND `pid` = 5 ORDER BY sort  [ RunTime:0.0002s ]
SQL: SELECT * FROM `abc_menu` WHERE `status` = 1 AND `pid` = 1 ORDER BY sort  [ RunTime:0.0002s ]
SQL: SELECT * FROM `abc_menu` WHERE `status` = 1 AND `pid` = 8 ORDER BY sort  [ RunTime:0.0002s ]
SQL: SELECT * FROM `abc_menu` WHERE `status` = 1 AND `pid` = 9 ORDER BY sort  [ RunTime:0.0002s ]
SQL: SELECT * FROM `abc_menu` WHERE `status` = 1 AND `pid` = 10 ORDER BY sort  [ RunTime:0.0002s ]

[ 2017-09-02T00:10:18+08:00 ] 127.0.0.1 /
INFO: [ app_init ] --START--
INFO: Run Behavior\BuildLiteBehavior [ RunTime:0.000016s ]
INFO: [ app_init ] --END-- [ RunTime:0.000596s ]
INFO: [ app_begin ] --START--
INFO: Run Behavior\ReadHtmlCacheBehavior [ RunTime:0.001115s ]
INFO: [ app_begin ] --END-- [ RunTime:0.001214s ]
SQL: SHOW COLUMNS FROM `abc_menu` [ RunTime:0.0034s ]
SQL: SELECT * FROM `abc_menu` WHERE `status` = 1 AND `pid` = 0 ORDER BY sort  [ RunTime:0.0002s ]
SQL: SELECT * FROM `abc_menu` WHERE `status` = 1 AND `pid` = 7 ORDER BY sort  [ RunTime:0.0002s ]
SQL: SELECT * FROM `abc_menu` WHERE `status` = 1 AND `pid` = 12 ORDER BY sort  [ RunTime:0.0002s ]
SQL: SELECT * FROM `abc_menu` WHERE `status` = 1 AND `pid` = 13 ORDER BY sort  [ RunTime:0.0002s ]
SQL: SELECT * FROM `abc_menu` WHERE `status` = 1 AND `pid` = 14 ORDER BY sort  [ RunTime:0.0002s ]
SQL: SELECT * FROM `abc_menu` WHERE `status` = 1 AND `pid` = 15 ORDER BY sort  [ RunTime:0.0002s ]
SQL: SELECT * FROM `abc_menu` WHERE `status` = 1 AND `pid` = 6 ORDER BY sort  [ RunTime:0.0002s ]
SQL: SELECT * FROM `abc_menu` WHERE `status` = 1 AND `pid` = 2 ORDER BY sort  [ RunTime:0.0002s ]
SQL: SELECT * FROM `abc_menu` WHERE `status` = 1 AND `pid` = 3 ORDER BY sort  [ RunTime:0.0002s ]
SQL: SELECT * FROM `abc_menu` WHERE `status` = 1 AND `pid` = 4 ORDER BY sort  [ RunTime:0.0003s ]
SQL: SELECT * FROM `abc_menu` WHERE `status` = 1 AND `pid` = 5 ORDER BY sort  [ RunTime:0.0002s ]
SQL: SELECT * FROM `abc_menu` WHERE `status` = 1 AND `pid` = 1 ORDER BY sort  [ RunTime:0.0002s ]
SQL: SELECT * FROM `abc_menu` WHERE `status` = 1 AND `pid` = 8 ORDER BY sort  [ RunTime:0.0002s ]
SQL: SELECT * FROM `abc_menu` WHERE `status` = 1 AND `pid` = 9 ORDER BY sort  [ RunTime:0.0002s ]
SQL: SELECT * FROM `abc_menu` WHERE `status` = 1 AND `pid` = 10 ORDER BY sort  [ RunTime:0.0002s ]

[ 2017-09-02T00:10:48+08:00 ] 127.0.0.1 /
INFO: [ app_init ] --START--
INFO: Run Behavior\BuildLiteBehavior [ RunTime:0.000016s ]
INFO: [ app_init ] --END-- [ RunTime:0.000520s ]
INFO: [ app_begin ] --START--
INFO: Run Behavior\ReadHtmlCacheBehavior [ RunTime:0.000717s ]
INFO: [ app_begin ] --END-- [ RunTime:0.000766s ]
SQL: SHOW COLUMNS FROM `abc_menu` [ RunTime:0.0041s ]
SQL: SELECT * FROM `abc_menu` WHERE `status` = 1 AND `pid` = 0 ORDER BY sort  [ RunTime:0.0003s ]
SQL: SELECT * FROM `abc_menu` WHERE `status` = 1 AND `pid` = 7 ORDER BY sort  [ RunTime:0.0002s ]
SQL: SELECT * FROM `abc_menu` WHERE `status` = 1 AND `pid` = 12 ORDER BY sort  [ RunTime:0.0002s ]
SQL: SELECT * FROM `abc_menu` WHERE `status` = 1 AND `pid` = 13 ORDER BY sort  [ RunTime:0.0002s ]
SQL: SELECT * FROM `abc_menu` WHERE `status` = 1 AND `pid` = 14 ORDER BY sort  [ RunTime:0.0002s ]
SQL: SELECT * FROM `abc_menu` WHERE `status` = 1 AND `pid` = 15 ORDER BY sort  [ RunTime:0.0002s ]
SQL: SELECT * FROM `abc_menu` WHERE `status` = 1 AND `pid` = 6 ORDER BY sort  [ RunTime:0.0002s ]
SQL: SELECT * FROM `abc_menu` WHERE `status` = 1 AND `pid` = 2 ORDER BY sort  [ RunTime:0.0002s ]
SQL: SELECT * FROM `abc_menu` WHERE `status` = 1 AND `pid` = 3 ORDER BY sort  [ RunTime:0.0002s ]
SQL: SELECT * FROM `abc_menu` WHERE `status` = 1 AND `pid` = 4 ORDER BY sort  [ RunTime:0.0002s ]
SQL: SELECT * FROM `abc_menu` WHERE `status` = 1 AND `pid` = 5 ORDER BY sort  [ RunTime:0.0002s ]
SQL: SELECT * FROM `abc_menu` WHERE `status` = 1 AND `pid` = 1 ORDER BY sort  [ RunTime:0.0002s ]
SQL: SELECT * FROM `abc_menu` WHERE `status` = 1 AND `pid` = 8 ORDER BY sort  [ RunTime:0.0002s ]
SQL: SELECT * FROM `abc_menu` WHERE `status` = 1 AND `pid` = 9 ORDER BY sort  [ RunTime:0.0002s ]
SQL: SELECT * FROM `abc_menu` WHERE `status` = 1 AND `pid` = 10 ORDER BY sort  [ RunTime:0.0002s ]

[ 2017-09-02T00:11:22+08:00 ] 127.0.0.1 /
INFO: [ app_init ] --START--
INFO: Run Behavior\BuildLiteBehavior [ RunTime:0.000017s ]
INFO: [ app_init ] --END-- [ RunTime:0.000576s ]
INFO: [ app_begin ] --START--
INFO: Run Behavior\ReadHtmlCacheBehavior [ RunTime:0.001148s ]
INFO: [ app_begin ] --END-- [ RunTime:0.001297s ]
SQL: SHOW COLUMNS FROM `abc_menu` [ RunTime:0.0037s ]
SQL: SELECT * FROM `abc_menu` WHERE `status` = 1 AND `pid` = 0 ORDER BY sort  [ RunTime:0.0003s ]
SQL: SELECT * FROM `abc_menu` WHERE `status` = 1 AND `pid` = 7 ORDER BY sort  [ RunTime:0.0002s ]
SQL: SELECT * FROM `abc_menu` WHERE `status` = 1 AND `pid` = 12 ORDER BY sort  [ RunTime:0.0003s ]
SQL: SELECT * FROM `abc_menu` WHERE `status` = 1 AND `pid` = 13 ORDER BY sort  [ RunTime:0.0002s ]
SQL: SELECT * FROM `abc_menu` WHERE `status` = 1 AND `pid` = 14 ORDER BY sort  [ RunTime:0.0002s ]
SQL: SELECT * FROM `abc_menu` WHERE `status` = 1 AND `pid` = 15 ORDER BY sort  [ RunTime:0.0002s ]
SQL: SELECT * FROM `abc_menu` WHERE `status` = 1 AND `pid` = 6 ORDER BY sort  [ RunTime:0.0002s ]
SQL: SELECT * FROM `abc_menu` WHERE `status` = 1 AND `pid` = 2 ORDER BY sort  [ RunTime:0.0002s ]
SQL: SELECT * FROM `abc_menu` WHERE `status` = 1 AND `pid` = 3 ORDER BY sort  [ RunTime:0.0002s ]
SQL: SELECT * FROM `abc_menu` WHERE `status` = 1 AND `pid` = 4 ORDER BY sort  [ RunTime:0.0002s ]
SQL: SELECT * FROM `abc_menu` WHERE `status` = 1 AND `pid` = 5 ORDER BY sort  [ RunTime:0.0002s ]
SQL: SELECT * FROM `abc_menu` WHERE `status` = 1 AND `pid` = 1 ORDER BY sort  [ RunTime:0.0002s ]
SQL: SELECT * FROM `abc_menu` WHERE `status` = 1 AND `pid` = 8 ORDER BY sort  [ RunTime:0.0002s ]
SQL: SELECT * FROM `abc_menu` WHERE `status` = 1 AND `pid` = 9 ORDER BY sort  [ RunTime:0.0002s ]
SQL: SELECT * FROM `abc_menu` WHERE `status` = 1 AND `pid` = 10 ORDER BY sort  [ RunTime:0.0002s ]

[ 2017-09-02T00:11:35+08:00 ] 127.0.0.1 /
INFO: [ app_init ] --START--
INFO: Run Behavior\BuildLiteBehavior [ RunTime:0.000030s ]
INFO: [ app_init ] --END-- [ RunTime:0.001035s ]
INFO: [ app_begin ] --START--
INFO: Run Behavior\ReadHtmlCacheBehavior [ RunTime:0.000870s ]
INFO: [ app_begin ] --END-- [ RunTime:0.000950s ]
SQL: SHOW COLUMNS FROM `abc_menu` [ RunTime:0.0049s ]
SQL: SELECT * FROM `abc_menu` WHERE `status` = 1 AND `pid` = 0 ORDER BY sort  [ RunTime:0.0002s ]
SQL: SELECT * FROM `abc_menu` WHERE `status` = 1 AND `pid` = 7 ORDER BY sort  [ RunTime:0.0002s ]
SQL: SELECT * FROM `abc_menu` WHERE `status` = 1 AND `pid` = 12 ORDER BY sort  [ RunTime:0.0002s ]
SQL: SELECT * FROM `abc_menu` WHERE `status` = 1 AND `pid` = 13 ORDER BY sort  [ RunTime:0.0002s ]
SQL: SELECT * FROM `abc_menu` WHERE `status` = 1 AND `pid` = 14 ORDER BY sort  [ RunTime:0.0002s ]
SQL: SELECT * FROM `abc_menu` WHERE `status` = 1 AND `pid` = 15 ORDER BY sort  [ RunTime:0.0002s ]
SQL: SELECT * FROM `abc_menu` WHERE `status` = 1 AND `pid` = 6 ORDER BY sort  [ RunTime:0.0002s ]
SQL: SELECT * FROM `abc_menu` WHERE `status` = 1 AND `pid` = 2 ORDER BY sort  [ RunTime:0.0002s ]
SQL: SELECT * FROM `abc_menu` WHERE `status` = 1 AND `pid` = 3 ORDER BY sort  [ RunTime:0.0002s ]
SQL: SELECT * FROM `abc_menu` WHERE `status` = 1 AND `pid` = 4 ORDER BY sort  [ RunTime:0.0003s ]
SQL: SELECT * FROM `abc_menu` WHERE `status` = 1 AND `pid` = 5 ORDER BY sort  [ RunTime:0.0002s ]
SQL: SELECT * FROM `abc_menu` WHERE `status` = 1 AND `pid` = 1 ORDER BY sort  [ RunTime:0.0002s ]
SQL: SELECT * FROM `abc_menu` WHERE `status` = 1 AND `pid` = 8 ORDER BY sort  [ RunTime:0.0002s ]
SQL: SELECT * FROM `abc_menu` WHERE `status` = 1 AND `pid` = 9 ORDER BY sort  [ RunTime:0.0002s ]
SQL: SELECT * FROM `abc_menu` WHERE `status` = 1 AND `pid` = 10 ORDER BY sort  [ RunTime:0.0002s ]

[ 2017-09-02T00:12:55+08:00 ] 127.0.0.1 /
INFO: [ app_init ] --START--
INFO: Run Behavior\BuildLiteBehavior [ RunTime:0.000017s ]
INFO: [ app_init ] --END-- [ RunTime:0.000625s ]
INFO: [ app_begin ] --START--
INFO: Run Behavior\ReadHtmlCacheBehavior [ RunTime:0.000849s ]
INFO: [ app_begin ] --END-- [ RunTime:0.000904s ]
SQL: SHOW COLUMNS FROM `abc_menu` [ RunTime:0.0046s ]
SQL: SELECT * FROM `abc_menu` WHERE `status` = 1 AND `pid` = 0 ORDER BY sort  [ RunTime:0.0002s ]
SQL: SELECT * FROM `abc_menu` WHERE `status` = 1 AND `pid` = 7 ORDER BY sort  [ RunTime:0.0002s ]
SQL: SELECT * FROM `abc_menu` WHERE `status` = 1 AND `pid` = 12 ORDER BY sort  [ RunTime:0.0002s ]
SQL: SELECT * FROM `abc_menu` WHERE `status` = 1 AND `pid` = 13 ORDER BY sort  [ RunTime:0.0002s ]
SQL: SELECT * FROM `abc_menu` WHERE `status` = 1 AND `pid` = 14 ORDER BY sort  [ RunTime:0.0002s ]
SQL: SELECT * FROM `abc_menu` WHERE `status` = 1 AND `pid` = 15 ORDER BY sort  [ RunTime:0.0002s ]
SQL: SELECT * FROM `abc_menu` WHERE `status` = 1 AND `pid` = 6 ORDER BY sort  [ RunTime:0.0002s ]
SQL: SELECT * FROM `abc_menu` WHERE `status` = 1 AND `pid` = 2 ORDER BY sort  [ RunTime:0.0002s ]
SQL: SELECT * FROM `abc_menu` WHERE `status` = 1 AND `pid` = 3 ORDER BY sort  [ RunTime:0.0002s ]
SQL: SELECT * FROM `abc_menu` WHERE `status` = 1 AND `pid` = 4 ORDER BY sort  [ RunTime:0.0002s ]
SQL: SELECT * FROM `abc_menu` WHERE `status` = 1 AND `pid` = 5 ORDER BY sort  [ RunTime:0.0002s ]
SQL: SELECT * FROM `abc_menu` WHERE `status` = 1 AND `pid` = 1 ORDER BY sort  [ RunTime:0.0002s ]
SQL: SELECT * FROM `abc_menu` WHERE `status` = 1 AND `pid` = 8 ORDER BY sort  [ RunTime:0.0002s ]
SQL: SELECT * FROM `abc_menu` WHERE `status` = 1 AND `pid` = 9 ORDER BY sort  [ RunTime:0.0002s ]
SQL: SELECT * FROM `abc_menu` WHERE `status` = 1 AND `pid` = 10 ORDER BY sort  [ RunTime:0.0003s ]

[ 2017-09-02T00:22:34+08:00 ] 127.0.0.1 /
INFO: [ app_init ] --START--
INFO: Run Behavior\BuildLiteBehavior [ RunTime:0.000014s ]
INFO: [ app_init ] --END-- [ RunTime:0.000583s ]
INFO: [ app_begin ] --START--
INFO: Run Behavior\ReadHtmlCacheBehavior [ RunTime:0.000839s ]
INFO: [ app_begin ] --END-- [ RunTime:0.000903s ]
SQL: SHOW COLUMNS FROM `abc_menu` [ RunTime:0.0048s ]
SQL: SELECT * FROM `abc_menu` WHERE `status` = 1 AND `pid` = 0 ORDER BY sort  [ RunTime:0.0003s ]
SQL: SELECT * FROM `abc_menu` WHERE `status` = 1 AND `pid` = 7 ORDER BY sort  [ RunTime:0.0002s ]
SQL: SELECT * FROM `abc_menu` WHERE `status` = 1 AND `pid` = 12 ORDER BY sort  [ RunTime:0.0002s ]
SQL: SELECT * FROM `abc_menu` WHERE `status` = 1 AND `pid` = 13 ORDER BY sort  [ RunTime:0.0002s ]
SQL: SELECT * FROM `abc_menu` WHERE `status` = 1 AND `pid` = 14 ORDER BY sort  [ RunTime:0.0002s ]
SQL: SELECT * FROM `abc_menu` WHERE `status` = 1 AND `pid` = 15 ORDER BY sort  [ RunTime:0.0002s ]
SQL: SELECT * FROM `abc_menu` WHERE `status` = 1 AND `pid` = 6 ORDER BY sort  [ RunTime:0.0002s ]
SQL: SELECT * FROM `abc_menu` WHERE `status` = 1 AND `pid` = 2 ORDER BY sort  [ RunTime:0.0002s ]
SQL: SELECT * FROM `abc_menu` WHERE `status` = 1 AND `pid` = 3 ORDER BY sort  [ RunTime:0.0002s ]
SQL: SELECT * FROM `abc_menu` WHERE `status` = 1 AND `pid` = 4 ORDER BY sort  [ RunTime:0.0002s ]
SQL: SELECT * FROM `abc_menu` WHERE `status` = 1 AND `pid` = 5 ORDER BY sort  [ RunTime:0.0002s ]
SQL: SELECT * FROM `abc_menu` WHERE `status` = 1 AND `pid` = 1 ORDER BY sort  [ RunTime:0.0002s ]
SQL: SELECT * FROM `abc_menu` WHERE `status` = 1 AND `pid` = 8 ORDER BY sort  [ RunTime:0.0002s ]
SQL: SELECT * FROM `abc_menu` WHERE `status` = 1 AND `pid` = 9 ORDER BY sort  [ RunTime:0.0002s ]
SQL: SELECT * FROM `abc_menu` WHERE `status` = 1 AND `pid` = 10 ORDER BY sort  [ RunTime:0.0002s ]

[ 2017-09-02T00:26:13+08:00 ] 127.0.0.1 /
INFO: [ app_init ] --START--
INFO: Run Behavior\BuildLiteBehavior [ RunTime:0.000018s ]
INFO: [ app_init ] --END-- [ RunTime:0.000563s ]
INFO: [ app_begin ] --START--
INFO: Run Behavior\ReadHtmlCacheBehavior [ RunTime:0.001024s ]
INFO: [ app_begin ] --END-- [ RunTime:0.001093s ]
SQL: SHOW COLUMNS FROM `abc_menu` [ RunTime:0.0047s ]
SQL: SELECT * FROM `abc_menu` WHERE `status` = 1 AND `pid` = 0 ORDER BY sort  [ RunTime:0.0003s ]
SQL: SELECT * FROM `abc_menu` WHERE `status` = 1 AND `pid` = 7 ORDER BY sort  [ RunTime:0.0002s ]
SQL: SELECT * FROM `abc_menu` WHERE `status` = 1 AND `pid` = 12 ORDER BY sort  [ RunTime:0.0002s ]
SQL: SELECT * FROM `abc_menu` WHERE `status` = 1 AND `pid` = 13 ORDER BY sort  [ RunTime:0.0002s ]
SQL: SELECT * FROM `abc_menu` WHERE `status` = 1 AND `pid` = 14 ORDER BY sort  [ RunTime:0.0002s ]
SQL: SELECT * FROM `abc_menu` WHERE `status` = 1 AND `pid` = 15 ORDER BY sort  [ RunTime:0.0002s ]
SQL: SELECT * FROM `abc_menu` WHERE `status` = 1 AND `pid` = 6 ORDER BY sort  [ RunTime:0.0002s ]
SQL: SELECT * FROM `abc_menu` WHERE `status` = 1 AND `pid` = 2 ORDER BY sort  [ RunTime:0.0002s ]
SQL: SELECT * FROM `abc_menu` WHERE `status` = 1 AND `pid` = 3 ORDER BY sort  [ RunTime:0.0002s ]
SQL: SELECT * FROM `abc_menu` WHERE `status` = 1 AND `pid` = 4 ORDER BY sort  [ RunTime:0.0002s ]
SQL: SELECT * FROM `abc_menu` WHERE `status` = 1 AND `pid` = 5 ORDER BY sort  [ RunTime:0.0002s ]
SQL: SELECT * FROM `abc_menu` WHERE `status` = 1 AND `pid` = 1 ORDER BY sort  [ RunTime:0.0002s ]
SQL: SELECT * FROM `abc_menu` WHERE `status` = 1 AND `pid` = 8 ORDER BY sort  [ RunTime:0.0002s ]
SQL: SELECT * FROM `abc_menu` WHERE `status` = 1 AND `pid` = 9 ORDER BY sort  [ RunTime:0.0002s ]
SQL: SELECT * FROM `abc_menu` WHERE `status` = 1 AND `pid` = 10 ORDER BY sort  [ RunTime:0.0002s ]

[ 2017-09-02T00:26:44+08:00 ] 127.0.0.1 /
INFO: [ app_init ] --START--
INFO: Run Behavior\BuildLiteBehavior [ RunTime:0.000063s ]
INFO: [ app_init ] --END-- [ RunTime:0.001146s ]
INFO: [ app_begin ] --START--
INFO: Run Behavior\ReadHtmlCacheBehavior [ RunTime:0.000912s ]
INFO: [ app_begin ] --END-- [ RunTime:0.000985s ]
SQL: SHOW COLUMNS FROM `abc_menu` [ RunTime:0.0043s ]
SQL: SELECT * FROM `abc_menu` WHERE `status` = 1 AND `pid` = 0 ORDER BY sort  [ RunTime:0.0003s ]
SQL: SELECT * FROM `abc_menu` WHERE `status` = 1 AND `pid` = 7 ORDER BY sort  [ RunTime:0.0002s ]
SQL: SELECT * FROM `abc_menu` WHERE `status` = 1 AND `pid` = 12 ORDER BY sort  [ RunTime:0.0003s ]
SQL: SELECT * FROM `abc_menu` WHERE `status` = 1 AND `pid` = 13 ORDER BY sort  [ RunTime:0.0002s ]
SQL: SELECT * FROM `abc_menu` WHERE `status` = 1 AND `pid` = 14 ORDER BY sort  [ RunTime:0.0002s ]
SQL: SELECT * FROM `abc_menu` WHERE `status` = 1 AND `pid` = 15 ORDER BY sort  [ RunTime:0.0002s ]
SQL: SELECT * FROM `abc_menu` WHERE `status` = 1 AND `pid` = 6 ORDER BY sort  [ RunTime:0.0002s ]
SQL: SELECT * FROM `abc_menu` WHERE `status` = 1 AND `pid` = 2 ORDER BY sort  [ RunTime:0.0003s ]
SQL: SELECT * FROM `abc_menu` WHERE `status` = 1 AND `pid` = 3 ORDER BY sort  [ RunTime:0.0002s ]
SQL: SELECT * FROM `abc_menu` WHERE `status` = 1 AND `pid` = 4 ORDER BY sort  [ RunTime:0.0002s ]
SQL: SELECT * FROM `abc_menu` WHERE `status` = 1 AND `pid` = 5 ORDER BY sort  [ RunTime:0.0002s ]
SQL: SELECT * FROM `abc_menu` WHERE `status` = 1 AND `pid` = 1 ORDER BY sort  [ RunTime:0.0002s ]
SQL: SELECT * FROM `abc_menu` WHERE `status` = 1 AND `pid` = 8 ORDER BY sort  [ RunTime:0.0002s ]
SQL: SELECT * FROM `abc_menu` WHERE `status` = 1 AND `pid` = 9 ORDER BY sort  [ RunTime:0.0002s ]
SQL: SELECT * FROM `abc_menu` WHERE `status` = 1 AND `pid` = 10 ORDER BY sort  [ RunTime:0.0002s ]

[ 2017-09-02T00:30:31+08:00 ] 127.0.0.1 /
INFO: [ app_init ] --START--
INFO: Run Behavior\BuildLiteBehavior [ RunTime:0.000021s ]
INFO: [ app_init ] --END-- [ RunTime:0.000616s ]
INFO: [ app_begin ] --START--
INFO: Run Behavior\ReadHtmlCacheBehavior [ RunTime:0.002535s ]
INFO: [ app_begin ] --END-- [ RunTime:0.002665s ]
SQL: SHOW COLUMNS FROM `abc_menu` [ RunTime:0.0043s ]
SQL: SELECT * FROM `abc_menu` WHERE `status` = 1 AND `pid` = 0 ORDER BY sort  [ RunTime:0.0002s ]
SQL: SELECT * FROM `abc_menu` WHERE `status` = 1 AND `pid` = 7 ORDER BY sort  [ RunTime:0.0002s ]
SQL: SELECT * FROM `abc_menu` WHERE `status` = 1 AND `pid` = 12 ORDER BY sort  [ RunTime:0.0002s ]
SQL: SELECT * FROM `abc_menu` WHERE `status` = 1 AND `pid` = 13 ORDER BY sort  [ RunTime:0.0002s ]
SQL: SELECT * FROM `abc_menu` WHERE `status` = 1 AND `pid` = 14 ORDER BY sort  [ RunTime:0.0002s ]
SQL: SELECT * FROM `abc_menu` WHERE `status` = 1 AND `pid` = 15 ORDER BY sort  [ RunTime:0.0002s ]
SQL: SELECT * FROM `abc_menu` WHERE `status` = 1 AND `pid` = 6 ORDER BY sort  [ RunTime:0.0002s ]
SQL: SELECT * FROM `abc_menu` WHERE `status` = 1 AND `pid` = 2 ORDER BY sort  [ RunTime:0.0002s ]
SQL: SELECT * FROM `abc_menu` WHERE `status` = 1 AND `pid` = 3 ORDER BY sort  [ RunTime:0.0002s ]
SQL: SELECT * FROM `abc_menu` WHERE `status` = 1 AND `pid` = 4 ORDER BY sort  [ RunTime:0.0002s ]
SQL: SELECT * FROM `abc_menu` WHERE `status` = 1 AND `pid` = 5 ORDER BY sort  [ RunTime:0.0002s ]
SQL: SELECT * FROM `abc_menu` WHERE `status` = 1 AND `pid` = 1 ORDER BY sort  [ RunTime:0.0002s ]
SQL: SELECT * FROM `abc_menu` WHERE `status` = 1 AND `pid` = 8 ORDER BY sort  [ RunTime:0.0002s ]
SQL: SELECT * FROM `abc_menu` WHERE `status` = 1 AND `pid` = 9 ORDER BY sort  [ RunTime:0.0002s ]
SQL: SELECT * FROM `abc_menu` WHERE `status` = 1 AND `pid` = 10 ORDER BY sort  [ RunTime:0.0002s ]

[ 2017-09-02T00:30:34+08:00 ] 127.0.0.1 /
INFO: [ app_init ] --START--
INFO: Run Behavior\BuildLiteBehavior [ RunTime:0.000017s ]
INFO: [ app_init ] --END-- [ RunTime:0.000540s ]
INFO: [ app_begin ] --START--
INFO: Run Behavior\ReadHtmlCacheBehavior [ RunTime:0.000969s ]
INFO: [ app_begin ] --END-- [ RunTime:0.001048s ]
SQL: SHOW COLUMNS FROM `abc_menu` [ RunTime:0.0040s ]
SQL: SELECT * FROM `abc_menu` WHERE `status` = 1 AND `pid` = 0 ORDER BY sort  [ RunTime:0.0003s ]
SQL: SELECT * FROM `abc_menu` WHERE `status` = 1 AND `pid` = 7 ORDER BY sort  [ RunTime:0.0002s ]
SQL: SELECT * FROM `abc_menu` WHERE `status` = 1 AND `pid` = 12 ORDER BY sort  [ RunTime:0.0002s ]
SQL: SELECT * FROM `abc_menu` WHERE `status` = 1 AND `pid` = 13 ORDER BY sort  [ RunTime:0.0002s ]
SQL: SELECT * FROM `abc_menu` WHERE `status` = 1 AND `pid` = 14 ORDER BY sort  [ RunTime:0.0002s ]
SQL: SELECT * FROM `abc_menu` WHERE `status` = 1 AND `pid` = 15 ORDER BY sort  [ RunTime:0.0002s ]
SQL: SELECT * FROM `abc_menu` WHERE `status` = 1 AND `pid` = 6 ORDER BY sort  [ RunTime:0.0002s ]
SQL: SELECT * FROM `abc_menu` WHERE `status` = 1 AND `pid` = 2 ORDER BY sort  [ RunTime:0.0003s ]
SQL: SELECT * FROM `abc_menu` WHERE `status` = 1 AND `pid` = 3 ORDER BY sort  [ RunTime:0.0002s ]
SQL: SELECT * FROM `abc_menu` WHERE `status` = 1 AND `pid` = 4 ORDER BY sort  [ RunTime:0.0002s ]
SQL: SELECT * FROM `abc_menu` WHERE `status` = 1 AND `pid` = 5 ORDER BY sort  [ RunTime:0.0002s ]
SQL: SELECT * FROM `abc_menu` WHERE `status` = 1 AND `pid` = 1 ORDER BY sort  [ RunTime:0.0002s ]
SQL: SELECT * FROM `abc_menu` WHERE `status` = 1 AND `pid` = 8 ORDER BY sort  [ RunTime:0.0002s ]
SQL: SELECT * FROM `abc_menu` WHERE `status` = 1 AND `pid` = 9 ORDER BY sort  [ RunTime:0.0002s ]
SQL: SELECT * FROM `abc_menu` WHERE `status` = 1 AND `pid` = 10 ORDER BY sort  [ RunTime:0.0002s ]

[ 2017-09-02T00:31:26+08:00 ] 127.0.0.1 /
INFO: [ app_init ] --START--
INFO: Run Behavior\BuildLiteBehavior [ RunTime:0.000016s ]
INFO: [ app_init ] --END-- [ RunTime:0.000509s ]
INFO: [ app_begin ] --START--
INFO: Run Behavior\ReadHtmlCacheBehavior [ RunTime:0.001010s ]
INFO: [ app_begin ] --END-- [ RunTime:0.001103s ]
SQL: SHOW COLUMNS FROM `abc_menu` [ RunTime:0.0051s ]
SQL: SELECT * FROM `abc_menu` WHERE `status` = 1 AND `pid` = 0 ORDER BY sort  [ RunTime:0.0002s ]
SQL: SELECT * FROM `abc_menu` WHERE `status` = 1 AND `pid` = 7 ORDER BY sort  [ RunTime:0.0002s ]
SQL: SELECT * FROM `abc_menu` WHERE `status` = 1 AND `pid` = 12 ORDER BY sort  [ RunTime:0.0002s ]
SQL: SELECT * FROM `abc_menu` WHERE `status` = 1 AND `pid` = 13 ORDER BY sort  [ RunTime:0.0002s ]
SQL: SELECT * FROM `abc_menu` WHERE `status` = 1 AND `pid` = 14 ORDER BY sort  [ RunTime:0.0002s ]
SQL: SELECT * FROM `abc_menu` WHERE `status` = 1 AND `pid` = 15 ORDER BY sort  [ RunTime:0.0002s ]
SQL: SELECT * FROM `abc_menu` WHERE `status` = 1 AND `pid` = 6 ORDER BY sort  [ RunTime:0.0002s ]
SQL: SELECT * FROM `abc_menu` WHERE `status` = 1 AND `pid` = 2 ORDER BY sort  [ RunTime:0.0004s ]
SQL: SELECT * FROM `abc_menu` WHERE `status` = 1 AND `pid` = 3 ORDER BY sort  [ RunTime:0.0002s ]
SQL: SELECT * FROM `abc_menu` WHERE `status` = 1 AND `pid` = 4 ORDER BY sort  [ RunTime:0.0002s ]
SQL: SELECT * FROM `abc_menu` WHERE `status` = 1 AND `pid` = 5 ORDER BY sort  [ RunTime:0.0002s ]
SQL: SELECT * FROM `abc_menu` WHERE `status` = 1 AND `pid` = 1 ORDER BY sort  [ RunTime:0.0002s ]
SQL: SELECT * FROM `abc_menu` WHERE `status` = 1 AND `pid` = 8 ORDER BY sort  [ RunTime:0.0002s ]
SQL: SELECT * FROM `abc_menu` WHERE `status` = 1 AND `pid` = 9 ORDER BY sort  [ RunTime:0.0002s ]
SQL: SELECT * FROM `abc_menu` WHERE `status` = 1 AND `pid` = 10 ORDER BY sort  [ RunTime:0.0002s ]

[ 2017-09-02T00:31:58+08:00 ] 127.0.0.1 /
INFO: [ app_init ] --START--
INFO: Run Behavior\BuildLiteBehavior [ RunTime:0.000017s ]
INFO: [ app_init ] --END-- [ RunTime:0.000503s ]
INFO: [ app_begin ] --START--
INFO: Run Behavior\ReadHtmlCacheBehavior [ RunTime:0.000736s ]
INFO: [ app_begin ] --END-- [ RunTime:0.000796s ]
SQL: SHOW COLUMNS FROM `abc_menu` [ RunTime:0.0053s ]
SQL: SELECT * FROM `abc_menu` WHERE `status` = 1 AND `pid` = 0 ORDER BY sort  [ RunTime:0.0003s ]
SQL: SELECT * FROM `abc_menu` WHERE `status` = 1 AND `pid` = 7 ORDER BY sort  [ RunTime:0.0002s ]
SQL: SELECT * FROM `abc_menu` WHERE `status` = 1 AND `pid` = 12 ORDER BY sort  [ RunTime:0.0002s ]
SQL: SELECT * FROM `abc_menu` WHERE `status` = 1 AND `pid` = 13 ORDER BY sort  [ RunTime:0.0002s ]
SQL: SELECT * FROM `abc_menu` WHERE `status` = 1 AND `pid` = 14 ORDER BY sort  [ RunTime:0.0002s ]
SQL: SELECT * FROM `abc_menu` WHERE `status` = 1 AND `pid` = 15 ORDER BY sort  [ RunTime:0.0002s ]
SQL: SELECT * FROM `abc_menu` WHERE `status` = 1 AND `pid` = 6 ORDER BY sort  [ RunTime:0.0002s ]
SQL: SELECT * FROM `abc_menu` WHERE `status` = 1 AND `pid` = 2 ORDER BY sort  [ RunTime:0.0002s ]
SQL: SELECT * FROM `abc_menu` WHERE `status` = 1 AND `pid` = 3 ORDER BY sort  [ RunTime:0.0002s ]
SQL: SELECT * FROM `abc_menu` WHERE `status` = 1 AND `pid` = 4 ORDER BY sort  [ RunTime:0.0002s ]
SQL: SELECT * FROM `abc_menu` WHERE `status` = 1 AND `pid` = 5 ORDER BY sort  [ RunTime:0.0002s ]
SQL: SELECT * FROM `abc_menu` WHERE `status` = 1 AND `pid` = 1 ORDER BY sort  [ RunTime:0.0002s ]
SQL: SELECT * FROM `abc_menu` WHERE `status` = 1 AND `pid` = 8 ORDER BY sort  [ RunTime:0.0002s ]
SQL: SELECT * FROM `abc_menu` WHERE `status` = 1 AND `pid` = 9 ORDER BY sort  [ RunTime:0.0002s ]
SQL: SELECT * FROM `abc_menu` WHERE `status` = 1 AND `pid` = 10 ORDER BY sort  [ RunTime:0.0002s ]

[ 2017-09-02T00:34:13+08:00 ] 127.0.0.1 /
INFO: [ app_init ] --START--
INFO: Run Behavior\BuildLiteBehavior [ RunTime:0.000018s ]
INFO: [ app_init ] --END-- [ RunTime:0.000509s ]
INFO: [ app_begin ] --START--
INFO: Run Behavior\ReadHtmlCacheBehavior [ RunTime:0.000816s ]
INFO: [ app_begin ] --END-- [ RunTime:0.000895s ]
SQL: SHOW COLUMNS FROM `abc_menu` [ RunTime:0.0047s ]
SQL: SELECT * FROM `abc_menu` WHERE `status` = 1 AND `pid` = 0 ORDER BY sort  [ RunTime:0.0003s ]
SQL: SELECT * FROM `abc_menu` WHERE `status` = 1 AND `pid` = 7 ORDER BY sort  [ RunTime:0.0003s ]
SQL: SELECT * FROM `abc_menu` WHERE `status` = 1 AND `pid` = 12 ORDER BY sort  [ RunTime:0.0003s ]
SQL: SELECT * FROM `abc_menu` WHERE `status` = 1 AND `pid` = 13 ORDER BY sort  [ RunTime:0.0003s ]
SQL: SELECT * FROM `abc_menu` WHERE `status` = 1 AND `pid` = 14 ORDER BY sort  [ RunTime:0.0002s ]
SQL: SELECT * FROM `abc_menu` WHERE `status` = 1 AND `pid` = 15 ORDER BY sort  [ RunTime:0.0002s ]
SQL: SELECT * FROM `abc_menu` WHERE `status` = 1 AND `pid` = 6 ORDER BY sort  [ RunTime:0.0002s ]
SQL: SELECT * FROM `abc_menu` WHERE `status` = 1 AND `pid` = 2 ORDER BY sort  [ RunTime:0.0002s ]
SQL: SELECT * FROM `abc_menu` WHERE `status` = 1 AND `pid` = 3 ORDER BY sort  [ RunTime:0.0002s ]
SQL: SELECT * FROM `abc_menu` WHERE `status` = 1 AND `pid` = 4 ORDER BY sort  [ RunTime:0.0002s ]
SQL: SELECT * FROM `abc_menu` WHERE `status` = 1 AND `pid` = 5 ORDER BY sort  [ RunTime:0.0002s ]
SQL: SELECT * FROM `abc_menu` WHERE `status` = 1 AND `pid` = 1 ORDER BY sort  [ RunTime:0.0002s ]
SQL: SELECT * FROM `abc_menu` WHERE `status` = 1 AND `pid` = 8 ORDER BY sort  [ RunTime:0.0002s ]
SQL: SELECT * FROM `abc_menu` WHERE `status` = 1 AND `pid` = 9 ORDER BY sort  [ RunTime:0.0002s ]
SQL: SELECT * FROM `abc_menu` WHERE `status` = 1 AND `pid` = 10 ORDER BY sort  [ RunTime:0.0002s ]

[ 2017-09-02T00:35:56+08:00 ] 127.0.0.1 /
INFO: [ app_init ] --START--
INFO: Run Behavior\BuildLiteBehavior [ RunTime:0.000017s ]
INFO: [ app_init ] --END-- [ RunTime:0.000588s ]
INFO: [ app_begin ] --START--
INFO: Run Behavior\ReadHtmlCacheBehavior [ RunTime:0.000779s ]
INFO: [ app_begin ] --END-- [ RunTime:0.000835s ]
SQL: SHOW COLUMNS FROM `abc_menu` [ RunTime:0.0054s ]
SQL: SELECT * FROM `abc_menu` WHERE `status` = 1 AND `pid` = 0 ORDER BY sort  [ RunTime:0.0003s ]
SQL: SELECT * FROM `abc_menu` WHERE `status` = 1 AND `pid` = 7 ORDER BY sort  [ RunTime:0.0002s ]
SQL: SELECT * FROM `abc_menu` WHERE `status` = 1 AND `pid` = 12 ORDER BY sort  [ RunTime:0.0002s ]
SQL: SELECT * FROM `abc_menu` WHERE `status` = 1 AND `pid` = 13 ORDER BY sort  [ RunTime:0.0002s ]
SQL: SELECT * FROM `abc_menu` WHERE `status` = 1 AND `pid` = 14 ORDER BY sort  [ RunTime:0.0002s ]
SQL: SELECT * FROM `abc_menu` WHERE `status` = 1 AND `pid` = 15 ORDER BY sort  [ RunTime:0.0002s ]
SQL: SELECT * FROM `abc_menu` WHERE `status` = 1 AND `pid` = 6 ORDER BY sort  [ RunTime:0.0002s ]
SQL: SELECT * FROM `abc_menu` WHERE `status` = 1 AND `pid` = 2 ORDER BY sort  [ RunTime:0.0002s ]
SQL: SELECT * FROM `abc_menu` WHERE `status` = 1 AND `pid` = 3 ORDER BY sort  [ RunTime:0.0002s ]
SQL: SELECT * FROM `abc_menu` WHERE `status` = 1 AND `pid` = 4 ORDER BY sort  [ RunTime:0.0002s ]
SQL: SELECT * FROM `abc_menu` WHERE `status` = 1 AND `pid` = 5 ORDER BY sort  [ RunTime:0.0002s ]
SQL: SELECT * FROM `abc_menu` WHERE `status` = 1 AND `pid` = 1 ORDER BY sort  [ RunTime:0.0002s ]
SQL: SELECT * FROM `abc_menu` WHERE `status` = 1 AND `pid` = 8 ORDER BY sort  [ RunTime:0.0002s ]
SQL: SELECT * FROM `abc_menu` WHERE `status` = 1 AND `pid` = 9 ORDER BY sort  [ RunTime:0.0002s ]
SQL: SELECT * FROM `abc_menu` WHERE `status` = 1 AND `pid` = 10 ORDER BY sort  [ RunTime:0.0002s ]

[ 2017-09-02T00:36:17+08:00 ] 127.0.0.1 /
INFO: [ app_init ] --START--
INFO: Run Behavior\BuildLiteBehavior [ RunTime:0.000015s ]
INFO: [ app_init ] --END-- [ RunTime:0.000499s ]
INFO: [ app_begin ] --START--
INFO: Run Behavior\ReadHtmlCacheBehavior [ RunTime:0.000756s ]
INFO: [ app_begin ] --END-- [ RunTime:0.000812s ]
SQL: SHOW COLUMNS FROM `abc_menu` [ RunTime:0.0055s ]
SQL: SELECT * FROM `abc_menu` WHERE `status` = 1 AND `pid` = 0 ORDER BY sort  [ RunTime:0.0002s ]
SQL: SELECT * FROM `abc_menu` WHERE `status` = 1 AND `pid` = 7 ORDER BY sort  [ RunTime:0.0002s ]
SQL: SELECT * FROM `abc_menu` WHERE `status` = 1 AND `pid` = 12 ORDER BY sort  [ RunTime:0.0002s ]
SQL: SELECT * FROM `abc_menu` WHERE `status` = 1 AND `pid` = 13 ORDER BY sort  [ RunTime:0.0002s ]
SQL: SELECT * FROM `abc_menu` WHERE `status` = 1 AND `pid` = 14 ORDER BY sort  [ RunTime:0.0003s ]
SQL: SELECT * FROM `abc_menu` WHERE `status` = 1 AND `pid` = 15 ORDER BY sort  [ RunTime:0.0002s ]
SQL: SELECT * FROM `abc_menu` WHERE `status` = 1 AND `pid` = 6 ORDER BY sort  [ RunTime:0.0002s ]
SQL: SELECT * FROM `abc_menu` WHERE `status` = 1 AND `pid` = 2 ORDER BY sort  [ RunTime:0.0002s ]
SQL: SELECT * FROM `abc_menu` WHERE `status` = 1 AND `pid` = 3 ORDER BY sort  [ RunTime:0.0002s ]
SQL: SELECT * FROM `abc_menu` WHERE `status` = 1 AND `pid` = 4 ORDER BY sort  [ RunTime:0.0002s ]
SQL: SELECT * FROM `abc_menu` WHERE `status` = 1 AND `pid` = 5 ORDER BY sort  [ RunTime:0.0002s ]
SQL: SELECT * FROM `abc_menu` WHERE `status` = 1 AND `pid` = 1 ORDER BY sort  [ RunTime:0.0002s ]
SQL: SELECT * FROM `abc_menu` WHERE `status` = 1 AND `pid` = 8 ORDER BY sort  [ RunTime:0.0002s ]
SQL: SELECT * FROM `abc_menu` WHERE `status` = 1 AND `pid` = 9 ORDER BY sort  [ RunTime:0.0002s ]
SQL: SELECT * FROM `abc_menu` WHERE `status` = 1 AND `pid` = 10 ORDER BY sort  [ RunTime:0.0002s ]

[ 2017-09-02T00:36:43+08:00 ] 127.0.0.1 /
INFO: [ app_init ] --START--
INFO: Run Behavior\BuildLiteBehavior [ RunTime:0.000017s ]
INFO: [ app_init ] --END-- [ RunTime:0.000635s ]
INFO: [ app_begin ] --START--
INFO: Run Behavior\ReadHtmlCacheBehavior [ RunTime:0.000829s ]
INFO: [ app_begin ] --END-- [ RunTime:0.000885s ]
SQL: SHOW COLUMNS FROM `abc_menu` [ RunTime:0.0051s ]
SQL: SELECT * FROM `abc_menu` WHERE `status` = 1 AND `pid` = 0 ORDER BY sort  [ RunTime:0.0003s ]
SQL: SELECT * FROM `abc_menu` WHERE `status` = 1 AND `pid` = 7 ORDER BY sort  [ RunTime:0.0002s ]
SQL: SELECT * FROM `abc_menu` WHERE `status` = 1 AND `pid` = 12 ORDER BY sort  [ RunTime:0.0003s ]
SQL: SELECT * FROM `abc_menu` WHERE `status` = 1 AND `pid` = 13 ORDER BY sort  [ RunTime:0.0003s ]
SQL: SELECT * FROM `abc_menu` WHERE `status` = 1 AND `pid` = 14 ORDER BY sort  [ RunTime:0.0002s ]
SQL: SELECT * FROM `abc_menu` WHERE `status` = 1 AND `pid` = 15 ORDER BY sort  [ RunTime:0.0002s ]
SQL: SELECT * FROM `abc_menu` WHERE `status` = 1 AND `pid` = 6 ORDER BY sort  [ RunTime:0.0003s ]
SQL: SELECT * FROM `abc_menu` WHERE `status` = 1 AND `pid` = 2 ORDER BY sort  [ RunTime:0.0002s ]
SQL: SELECT * FROM `abc_menu` WHERE `status` = 1 AND `pid` = 3 ORDER BY sort  [ RunTime:0.0002s ]
SQL: SELECT * FROM `abc_menu` WHERE `status` = 1 AND `pid` = 4 ORDER BY sort  [ RunTime:0.0002s ]
SQL: SELECT * FROM `abc_menu` WHERE `status` = 1 AND `pid` = 5 ORDER BY sort  [ RunTime:0.0002s ]
SQL: SELECT * FROM `abc_menu` WHERE `status` = 1 AND `pid` = 1 ORDER BY sort  [ RunTime:0.0002s ]
SQL: SELECT * FROM `abc_menu` WHERE `status` = 1 AND `pid` = 8 ORDER BY sort  [ RunTime:0.0002s ]
SQL: SELECT * FROM `abc_menu` WHERE `status` = 1 AND `pid` = 9 ORDER BY sort  [ RunTime:0.0002s ]
SQL: SELECT * FROM `abc_menu` WHERE `status` = 1 AND `pid` = 10 ORDER BY sort  [ RunTime:0.0002s ]

[ 2017-09-02T00:38:39+08:00 ] 127.0.0.1 /
INFO: [ app_init ] --START--
INFO: Run Behavior\BuildLiteBehavior [ RunTime:0.000021s ]
INFO: [ app_init ] --END-- [ RunTime:0.000486s ]
INFO: [ app_begin ] --START--
INFO: Run Behavior\ReadHtmlCacheBehavior [ RunTime:0.001355s ]
INFO: [ app_begin ] --END-- [ RunTime:0.001482s ]
SQL: SHOW COLUMNS FROM `abc_menu` [ RunTime:0.0043s ]
SQL: SELECT * FROM `abc_menu` WHERE `status` = 1 AND `pid` = 0 ORDER BY sort  [ RunTime:0.0003s ]
SQL: SELECT * FROM `abc_menu` WHERE `status` = 1 AND `pid` = 7 ORDER BY sort  [ RunTime:0.0002s ]
SQL: SELECT * FROM `abc_menu` WHERE `status` = 1 AND `pid` = 12 ORDER BY sort  [ RunTime:0.0002s ]
SQL: SELECT * FROM `abc_menu` WHERE `status` = 1 AND `pid` = 13 ORDER BY sort  [ RunTime:0.0002s ]
SQL: SELECT * FROM `abc_menu` WHERE `status` = 1 AND `pid` = 14 ORDER BY sort  [ RunTime:0.0002s ]
SQL: SELECT * FROM `abc_menu` WHERE `status` = 1 AND `pid` = 15 ORDER BY sort  [ RunTime:0.0002s ]
SQL: SELECT * FROM `abc_menu` WHERE `status` = 1 AND `pid` = 6 ORDER BY sort  [ RunTime:0.0002s ]
SQL: SELECT * FROM `abc_menu` WHERE `status` = 1 AND `pid` = 2 ORDER BY sort  [ RunTime:0.0002s ]
SQL: SELECT * FROM `abc_menu` WHERE `status` = 1 AND `pid` = 3 ORDER BY sort  [ RunTime:0.0002s ]
SQL: SELECT * FROM `abc_menu` WHERE `status` = 1 AND `pid` = 4 ORDER BY sort  [ RunTime:0.0002s ]
SQL: SELECT * FROM `abc_menu` WHERE `status` = 1 AND `pid` = 5 ORDER BY sort  [ RunTime:0.0002s ]
SQL: SELECT * FROM `abc_menu` WHERE `status` = 1 AND `pid` = 1 ORDER BY sort  [ RunTime:0.0002s ]
SQL: SELECT * FROM `abc_menu` WHERE `status` = 1 AND `pid` = 8 ORDER BY sort  [ RunTime:0.0003s ]
SQL: SELECT * FROM `abc_menu` WHERE `status` = 1 AND `pid` = 9 ORDER BY sort  [ RunTime:0.0002s ]
SQL: SELECT * FROM `abc_menu` WHERE `status` = 1 AND `pid` = 10 ORDER BY sort  [ RunTime:0.0002s ]

[ 2017-09-02T00:39:03+08:00 ] 127.0.0.1 /
INFO: [ app_init ] --START--
INFO: Run Behavior\BuildLiteBehavior [ RunTime:0.000015s ]
INFO: [ app_init ] --END-- [ RunTime:0.000497s ]
INFO: [ app_begin ] --START--
INFO: Run Behavior\ReadHtmlCacheBehavior [ RunTime:0.001203s ]
INFO: [ app_begin ] --END-- [ RunTime:0.001298s ]
SQL: SHOW COLUMNS FROM `abc_menu` [ RunTime:0.0046s ]
SQL: SELECT * FROM `abc_menu` WHERE `status` = 1 AND `pid` = 0 ORDER BY sort  [ RunTime:0.0003s ]
SQL: SELECT * FROM `abc_menu` WHERE `status` = 1 AND `pid` = 7 ORDER BY sort  [ RunTime:0.0002s ]
SQL: SELECT * FROM `abc_menu` WHERE `status` = 1 AND `pid` = 12 ORDER BY sort  [ RunTime:0.0002s ]
SQL: SELECT * FROM `abc_menu` WHERE `status` = 1 AND `pid` = 13 ORDER BY sort  [ RunTime:0.0002s ]
SQL: SELECT * FROM `abc_menu` WHERE `status` = 1 AND `pid` = 14 ORDER BY sort  [ RunTime:0.0002s ]
SQL: SELECT * FROM `abc_menu` WHERE `status` = 1 AND `pid` = 15 ORDER BY sort  [ RunTime:0.0002s ]
SQL: SELECT * FROM `abc_menu` WHERE `status` = 1 AND `pid` = 6 ORDER BY sort  [ RunTime:0.0002s ]
SQL: SELECT * FROM `abc_menu` WHERE `status` = 1 AND `pid` = 2 ORDER BY sort  [ RunTime:0.0002s ]
SQL: SELECT * FROM `abc_menu` WHERE `status` = 1 AND `pid` = 3 ORDER BY sort  [ RunTime:0.0002s ]
SQL: SELECT * FROM `abc_menu` WHERE `status` = 1 AND `pid` = 4 ORDER BY sort  [ RunTime:0.0002s ]
SQL: SELECT * FROM `abc_menu` WHERE `status` = 1 AND `pid` = 5 ORDER BY sort  [ RunTime:0.0002s ]
SQL: SELECT * FROM `abc_menu` WHERE `status` = 1 AND `pid` = 1 ORDER BY sort  [ RunTime:0.0002s ]
SQL: SELECT * FROM `abc_menu` WHERE `status` = 1 AND `pid` = 8 ORDER BY sort  [ RunTime:0.0002s ]
SQL: SELECT * FROM `abc_menu` WHERE `status` = 1 AND `pid` = 9 ORDER BY sort  [ RunTime:0.0002s ]
SQL: SELECT * FROM `abc_menu` WHERE `status` = 1 AND `pid` = 10 ORDER BY sort  [ RunTime:0.0002s ]

[ 2017-09-02T00:45:29+08:00 ] 127.0.0.1 /
INFO: [ app_init ] --START--
INFO: Run Behavior\BuildLiteBehavior [ RunTime:0.000016s ]
INFO: [ app_init ] --END-- [ RunTime:0.000580s ]
INFO: [ app_begin ] --START--
INFO: Run Behavior\ReadHtmlCacheBehavior [ RunTime:0.000769s ]
INFO: [ app_begin ] --END-- [ RunTime:0.000820s ]
SQL: SHOW COLUMNS FROM `abc_menu` [ RunTime:0.0059s ]
SQL: SELECT * FROM `abc_menu` WHERE `status` = 1 AND `pid` = 0 ORDER BY sort  [ RunTime:0.0003s ]
SQL: SELECT * FROM `abc_menu` WHERE `status` = 1 AND `pid` = 7 ORDER BY sort  [ RunTime:0.0002s ]
SQL: SELECT * FROM `abc_menu` WHERE `status` = 1 AND `pid` = 12 ORDER BY sort  [ RunTime:0.0002s ]
SQL: SELECT * FROM `abc_menu` WHERE `status` = 1 AND `pid` = 13 ORDER BY sort  [ RunTime:0.0002s ]
SQL: SELECT * FROM `abc_menu` WHERE `status` = 1 AND `pid` = 14 ORDER BY sort  [ RunTime:0.0002s ]
SQL: SELECT * FROM `abc_menu` WHERE `status` = 1 AND `pid` = 15 ORDER BY sort  [ RunTime:0.0002s ]
SQL: SELECT * FROM `abc_menu` WHERE `status` = 1 AND `pid` = 6 ORDER BY sort  [ RunTime:0.0002s ]
SQL: SELECT * FROM `abc_menu` WHERE `status` = 1 AND `pid` = 2 ORDER BY sort  [ RunTime:0.0002s ]
SQL: SELECT * FROM `abc_menu` WHERE `status` = 1 AND `pid` = 3 ORDER BY sort  [ RunTime:0.0002s ]
SQL: SELECT * FROM `abc_menu` WHERE `status` = 1 AND `pid` = 4 ORDER BY sort  [ RunTime:0.0002s ]
SQL: SELECT * FROM `abc_menu` WHERE `status` = 1 AND `pid` = 5 ORDER BY sort  [ RunTime:0.0002s ]
SQL: SELECT * FROM `abc_menu` WHERE `status` = 1 AND `pid` = 1 ORDER BY sort  [ RunTime:0.0002s ]
SQL: SELECT * FROM `abc_menu` WHERE `status` = 1 AND `pid` = 8 ORDER BY sort  [ RunTime:0.0002s ]
SQL: SELECT * FROM `abc_menu` WHERE `status` = 1 AND `pid` = 9 ORDER BY sort  [ RunTime:0.0002s ]
SQL: SELECT * FROM `abc_menu` WHERE `status` = 1 AND `pid` = 10 ORDER BY sort  [ RunTime:0.0002s ]

[ 2017-09-02T00:45:42+08:00 ] 127.0.0.1 /
INFO: [ app_init ] --START--
INFO: Run Behavior\BuildLiteBehavior [ RunTime:0.000015s ]
INFO: [ app_init ] --END-- [ RunTime:0.000524s ]
INFO: [ app_begin ] --START--
INFO: Run Behavior\ReadHtmlCacheBehavior [ RunTime:0.000735s ]
INFO: [ app_begin ] --END-- [ RunTime:0.000799s ]
SQL: SHOW COLUMNS FROM `abc_menu` [ RunTime:0.0041s ]
SQL: SELECT * FROM `abc_menu` WHERE `status` = 1 AND `pid` = 0 ORDER BY sort  [ RunTime:0.0002s ]
SQL: SELECT * FROM `abc_menu` WHERE `status` = 1 AND `pid` = 7 ORDER BY sort  [ RunTime:0.0002s ]
SQL: SELECT * FROM `abc_menu` WHERE `status` = 1 AND `pid` = 12 ORDER BY sort  [ RunTime:0.0002s ]
SQL: SELECT * FROM `abc_menu` WHERE `status` = 1 AND `pid` = 13 ORDER BY sort  [ RunTime:0.0002s ]
SQL: SELECT * FROM `abc_menu` WHERE `status` = 1 AND `pid` = 14 ORDER BY sort  [ RunTime:0.0002s ]
SQL: SELECT * FROM `abc_menu` WHERE `status` = 1 AND `pid` = 15 ORDER BY sort  [ RunTime:0.0002s ]
SQL: SELECT * FROM `abc_menu` WHERE `status` = 1 AND `pid` = 6 ORDER BY sort  [ RunTime:0.0002s ]
SQL: SELECT * FROM `abc_menu` WHERE `status` = 1 AND `pid` = 2 ORDER BY sort  [ RunTime:0.0002s ]
SQL: SELECT * FROM `abc_menu` WHERE `status` = 1 AND `pid` = 3 ORDER BY sort  [ RunTime:0.0002s ]
SQL: SELECT * FROM `abc_menu` WHERE `status` = 1 AND `pid` = 4 ORDER BY sort  [ RunTime:0.0002s ]
SQL: SELECT * FROM `abc_menu` WHERE `status` = 1 AND `pid` = 5 ORDER BY sort  [ RunTime:0.0002s ]
SQL: SELECT * FROM `abc_menu` WHERE `status` = 1 AND `pid` = 1 ORDER BY sort  [ RunTime:0.0002s ]
SQL: SELECT * FROM `abc_menu` WHERE `status` = 1 AND `pid` = 8 ORDER BY sort  [ RunTime:0.0002s ]
SQL: SELECT * FROM `abc_menu` WHERE `status` = 1 AND `pid` = 9 ORDER BY sort  [ RunTime:0.0002s ]
SQL: SELECT * FROM `abc_menu` WHERE `status` = 1 AND `pid` = 10 ORDER BY sort  [ RunTime:0.0002s ]

[ 2017-09-02T00:46:16+08:00 ] 127.0.0.1 /
INFO: [ app_init ] --START--
INFO: Run Behavior\BuildLiteBehavior [ RunTime:0.000015s ]
INFO: [ app_init ] --END-- [ RunTime:0.000504s ]
INFO: [ app_begin ] --START--
INFO: Run Behavior\ReadHtmlCacheBehavior [ RunTime:0.000828s ]
INFO: [ app_begin ] --END-- [ RunTime:0.000890s ]
SQL: SHOW COLUMNS FROM `abc_menu` [ RunTime:0.0056s ]
SQL: SELECT * FROM `abc_menu` WHERE `status` = 1 AND `pid` = 0 ORDER BY sort  [ RunTime:0.0003s ]
SQL: SELECT * FROM `abc_menu` WHERE `status` = 1 AND `pid` = 7 ORDER BY sort  [ RunTime:0.0002s ]
SQL: SELECT * FROM `abc_menu` WHERE `status` = 1 AND `pid` = 12 ORDER BY sort  [ RunTime:0.0002s ]
SQL: SELECT * FROM `abc_menu` WHERE `status` = 1 AND `pid` = 13 ORDER BY sort  [ RunTime:0.0003s ]
SQL: SELECT * FROM `abc_menu` WHERE `status` = 1 AND `pid` = 14 ORDER BY sort  [ RunTime:0.0002s ]
SQL: SELECT * FROM `abc_menu` WHERE `status` = 1 AND `pid` = 15 ORDER BY sort  [ RunTime:0.0002s ]
SQL: SELECT * FROM `abc_menu` WHERE `status` = 1 AND `pid` = 6 ORDER BY sort  [ RunTime:0.0002s ]
SQL: SELECT * FROM `abc_menu` WHERE `status` = 1 AND `pid` = 2 ORDER BY sort  [ RunTime:0.0002s ]
SQL: SELECT * FROM `abc_menu` WHERE `status` = 1 AND `pid` = 3 ORDER BY sort  [ RunTime:0.0002s ]
SQL: SELECT * FROM `abc_menu` WHERE `status` = 1 AND `pid` = 4 ORDER BY sort  [ RunTime:0.0002s ]
SQL: SELECT * FROM `abc_menu` WHERE `status` = 1 AND `pid` = 5 ORDER BY sort  [ RunTime:0.0002s ]
SQL: SELECT * FROM `abc_menu` WHERE `status` = 1 AND `pid` = 1 ORDER BY sort  [ RunTime:0.0002s ]
SQL: SELECT * FROM `abc_menu` WHERE `status` = 1 AND `pid` = 8 ORDER BY sort  [ RunTime:0.0002s ]
SQL: SELECT * FROM `abc_menu` WHERE `status` = 1 AND `pid` = 9 ORDER BY sort  [ RunTime:0.0002s ]
SQL: SELECT * FROM `abc_menu` WHERE `status` = 1 AND `pid` = 10 ORDER BY sort  [ RunTime:0.0002s ]

[ 2017-09-02T00:49:33+08:00 ] 127.0.0.1 /
INFO: [ app_init ] --START--
INFO: Run Behavior\BuildLiteBehavior [ RunTime:0.000022s ]
INFO: [ app_init ] --END-- [ RunTime:0.001284s ]
INFO: [ app_begin ] --START--
INFO: Run Behavior\ReadHtmlCacheBehavior [ RunTime:0.000777s ]
INFO: [ app_begin ] --END-- [ RunTime:0.000841s ]
SQL: SHOW COLUMNS FROM `abc_menu` [ RunTime:0.0048s ]
SQL: SELECT * FROM `abc_menu` WHERE `status` = 1 AND `pid` = 0 ORDER BY sort  [ RunTime:0.0003s ]
SQL: SELECT * FROM `abc_menu` WHERE `status` = 1 AND `pid` = 7 ORDER BY sort  [ RunTime:0.0002s ]
SQL: SELECT * FROM `abc_menu` WHERE `status` = 1 AND `pid` = 12 ORDER BY sort  [ RunTime:0.0002s ]
SQL: SELECT * FROM `abc_menu` WHERE `status` = 1 AND `pid` = 13 ORDER BY sort  [ RunTime:0.0002s ]
SQL: SELECT * FROM `abc_menu` WHERE `status` = 1 AND `pid` = 14 ORDER BY sort  [ RunTime:0.0002s ]
SQL: SELECT * FROM `abc_menu` WHERE `status` = 1 AND `pid` = 15 ORDER BY sort  [ RunTime:0.0002s ]
SQL: SELECT * FROM `abc_menu` WHERE `status` = 1 AND `pid` = 6 ORDER BY sort  [ RunTime:0.0002s ]
SQL: SELECT * FROM `abc_menu` WHERE `status` = 1 AND `pid` = 2 ORDER BY sort  [ RunTime:0.0002s ]
SQL: SELECT * FROM `abc_menu` WHERE `status` = 1 AND `pid` = 3 ORDER BY sort  [ RunTime:0.0002s ]
SQL: SELECT * FROM `abc_menu` WHERE `status` = 1 AND `pid` = 4 ORDER BY sort  [ RunTime:0.0002s ]
SQL: SELECT * FROM `abc_menu` WHERE `status` = 1 AND `pid` = 5 ORDER BY sort  [ RunTime:0.0002s ]
SQL: SELECT * FROM `abc_menu` WHERE `status` = 1 AND `pid` = 1 ORDER BY sort  [ RunTime:0.0002s ]
SQL: SELECT * FROM `abc_menu` WHERE `status` = 1 AND `pid` = 8 ORDER BY sort  [ RunTime:0.0002s ]
SQL: SELECT * FROM `abc_menu` WHERE `status` = 1 AND `pid` = 9 ORDER BY sort  [ RunTime:0.0002s ]
SQL: SELECT * FROM `abc_menu` WHERE `status` = 1 AND `pid` = 10 ORDER BY sort  [ RunTime:0.0002s ]

[ 2017-09-02T00:52:17+08:00 ] 127.0.0.1 /
INFO: [ app_init ] --START--
INFO: Run Behavior\BuildLiteBehavior [ RunTime:0.000016s ]
INFO: [ app_init ] --END-- [ RunTime:0.000482s ]
INFO: [ app_begin ] --START--
INFO: Run Behavior\ReadHtmlCacheBehavior [ RunTime:0.000759s ]
INFO: [ app_begin ] --END-- [ RunTime:0.000821s ]
SQL: SHOW COLUMNS FROM `abc_menu` [ RunTime:0.0042s ]
SQL: SELECT * FROM `abc_menu` WHERE `status` = 1 AND `pid` = 0 ORDER BY sort  [ RunTime:0.0003s ]
SQL: SELECT * FROM `abc_menu` WHERE `status` = 1 AND `pid` = 7 ORDER BY sort  [ RunTime:0.0002s ]
SQL: SELECT * FROM `abc_menu` WHERE `status` = 1 AND `pid` = 12 ORDER BY sort  [ RunTime:0.0002s ]
SQL: SELECT * FROM `abc_menu` WHERE `status` = 1 AND `pid` = 13 ORDER BY sort  [ RunTime:0.0002s ]
SQL: SELECT * FROM `abc_menu` WHERE `status` = 1 AND `pid` = 14 ORDER BY sort  [ RunTime:0.0002s ]
SQL: SELECT * FROM `abc_menu` WHERE `status` = 1 AND `pid` = 15 ORDER BY sort  [ RunTime:0.0002s ]
SQL: SELECT * FROM `abc_menu` WHERE `status` = 1 AND `pid` = 6 ORDER BY sort  [ RunTime:0.0002s ]
SQL: SELECT * FROM `abc_menu` WHERE `status` = 1 AND `pid` = 2 ORDER BY sort  [ RunTime:0.0002s ]
SQL: SELECT * FROM `abc_menu` WHERE `status` = 1 AND `pid` = 3 ORDER BY sort  [ RunTime:0.0002s ]
SQL: SELECT * FROM `abc_menu` WHERE `status` = 1 AND `pid` = 4 ORDER BY sort  [ RunTime:0.0002s ]
SQL: SELECT * FROM `abc_menu` WHERE `status` = 1 AND `pid` = 5 ORDER BY sort  [ RunTime:0.0002s ]
SQL: SELECT * FROM `abc_menu` WHERE `status` = 1 AND `pid` = 1 ORDER BY sort  [ RunTime:0.0002s ]
SQL: SELECT * FROM `abc_menu` WHERE `status` = 1 AND `pid` = 8 ORDER BY sort  [ RunTime:0.0002s ]
SQL: SELECT * FROM `abc_menu` WHERE `status` = 1 AND `pid` = 9 ORDER BY sort  [ RunTime:0.0002s ]
SQL: SELECT * FROM `abc_menu` WHERE `status` = 1 AND `pid` = 10 ORDER BY sort  [ RunTime:0.0002s ]

[ 2017-09-02T00:58:25+08:00 ] 127.0.0.1 /
INFO: [ app_init ] --START--
INFO: Run Behavior\BuildLiteBehavior [ RunTime:0.000017s ]
INFO: [ app_init ] --END-- [ RunTime:0.000546s ]
INFO: [ app_begin ] --START--
INFO: Run Behavior\ReadHtmlCacheBehavior [ RunTime:0.000735s ]
INFO: [ app_begin ] --END-- [ RunTime:0.000790s ]
SQL: SHOW COLUMNS FROM `abc_menu` [ RunTime:0.0053s ]
SQL: SELECT * FROM `abc_menu` WHERE `status` = 1 AND `pid` = 0 ORDER BY sort  [ RunTime:0.0003s ]
SQL: SELECT * FROM `abc_menu` WHERE `status` = 1 AND `pid` = 7 ORDER BY sort  [ RunTime:0.0002s ]
SQL: SELECT * FROM `abc_menu` WHERE `status` = 1 AND `pid` = 12 ORDER BY sort  [ RunTime:0.0002s ]
SQL: SELECT * FROM `abc_menu` WHERE `status` = 1 AND `pid` = 13 ORDER BY sort  [ RunTime:0.0002s ]
SQL: SELECT * FROM `abc_menu` WHERE `status` = 1 AND `pid` = 14 ORDER BY sort  [ RunTime:0.0002s ]
SQL: SELECT * FROM `abc_menu` WHERE `status` = 1 AND `pid` = 15 ORDER BY sort  [ RunTime:0.0002s ]
SQL: SELECT * FROM `abc_menu` WHERE `status` = 1 AND `pid` = 6 ORDER BY sort  [ RunTime:0.0002s ]
SQL: SELECT * FROM `abc_menu` WHERE `status` = 1 AND `pid` = 2 ORDER BY sort  [ RunTime:0.0002s ]
SQL: SELECT * FROM `abc_menu` WHERE `status` = 1 AND `pid` = 3 ORDER BY sort  [ RunTime:0.0002s ]
SQL: SELECT * FROM `abc_menu` WHERE `status` = 1 AND `pid` = 4 ORDER BY sort  [ RunTime:0.0002s ]
SQL: SELECT * FROM `abc_menu` WHERE `status` = 1 AND `pid` = 5 ORDER BY sort  [ RunTime:0.0002s ]
SQL: SELECT * FROM `abc_menu` WHERE `status` = 1 AND `pid` = 1 ORDER BY sort  [ RunTime:0.0002s ]
SQL: SELECT * FROM `abc_menu` WHERE `status` = 1 AND `pid` = 8 ORDER BY sort  [ RunTime:0.0002s ]
SQL: SELECT * FROM `abc_menu` WHERE `status` = 1 AND `pid` = 9 ORDER BY sort  [ RunTime:0.0002s ]
SQL: SELECT * FROM `abc_menu` WHERE `status` = 1 AND `pid` = 10 ORDER BY sort  [ RunTime:0.0002s ]

[ 2017-09-02T01:09:49+08:00 ] 127.0.0.1 /
INFO: [ app_init ] --START--
INFO: Run Behavior\BuildLiteBehavior [ RunTime:0.000016s ]
INFO: [ app_init ] --END-- [ RunTime:0.000542s ]
INFO: [ app_begin ] --START--
INFO: Run Behavior\ReadHtmlCacheBehavior [ RunTime:0.000862s ]
INFO: [ app_begin ] --END-- [ RunTime:0.000949s ]
SQL: SHOW COLUMNS FROM `abc_menu` [ RunTime:0.0047s ]
SQL: SELECT * FROM `abc_menu` WHERE `status` = 1 AND `pid` = 0 ORDER BY sort  [ RunTime:0.0003s ]
SQL: SELECT * FROM `abc_menu` WHERE `status` = 1 AND `pid` = 7 ORDER BY sort  [ RunTime:0.0002s ]
SQL: SELECT * FROM `abc_menu` WHERE `status` = 1 AND `pid` = 12 ORDER BY sort  [ RunTime:0.0002s ]
SQL: SELECT * FROM `abc_menu` WHERE `status` = 1 AND `pid` = 13 ORDER BY sort  [ RunTime:0.0002s ]
SQL: SELECT * FROM `abc_menu` WHERE `status` = 1 AND `pid` = 14 ORDER BY sort  [ RunTime:0.0002s ]
SQL: SELECT * FROM `abc_menu` WHERE `status` = 1 AND `pid` = 15 ORDER BY sort  [ RunTime:0.0002s ]
SQL: SELECT * FROM `abc_menu` WHERE `status` = 1 AND `pid` = 6 ORDER BY sort  [ RunTime:0.0002s ]
SQL: SELECT * FROM `abc_menu` WHERE `status` = 1 AND `pid` = 2 ORDER BY sort  [ RunTime:0.0002s ]
SQL: SELECT * FROM `abc_menu` WHERE `status` = 1 AND `pid` = 3 ORDER BY sort  [ RunTime:0.0002s ]
SQL: SELECT * FROM `abc_menu` WHERE `status` = 1 AND `pid` = 4 ORDER BY sort  [ RunTime:0.0002s ]
SQL: SELECT * FROM `abc_menu` WHERE `status` = 1 AND `pid` = 5 ORDER BY sort  [ RunTime:0.0002s ]
SQL: SELECT * FROM `abc_menu` WHERE `status` = 1 AND `pid` = 1 ORDER BY sort  [ RunTime:0.0002s ]
SQL: SELECT * FROM `abc_menu` WHERE `status` = 1 AND `pid` = 8 ORDER BY sort  [ RunTime:0.0002s ]
SQL: SELECT * FROM `abc_menu` WHERE `status` = 1 AND `pid` = 9 ORDER BY sort  [ RunTime:0.0002s ]
SQL: SELECT * FROM `abc_menu` WHERE `status` = 1 AND `pid` = 10 ORDER BY sort  [ RunTime:0.0002s ]

[ 2017-09-02T01:11:48+08:00 ] 127.0.0.1 /
INFO: [ app_init ] --START--
INFO: Run Behavior\BuildLiteBehavior [ RunTime:0.000016s ]
INFO: [ app_init ] --END-- [ RunTime:0.000545s ]
INFO: [ app_begin ] --START--
INFO: Run Behavior\ReadHtmlCacheBehavior [ RunTime:0.000761s ]
INFO: [ app_begin ] --END-- [ RunTime:0.000831s ]
SQL: SHOW COLUMNS FROM `abc_menu` [ RunTime:0.0048s ]
SQL: SELECT * FROM `abc_menu` WHERE `status` = 1 AND `pid` = 0 ORDER BY sort  [ RunTime:0.0003s ]
SQL: SELECT * FROM `abc_menu` WHERE `status` = 1 AND `pid` = 7 ORDER BY sort  [ RunTime:0.0003s ]
SQL: SELECT * FROM `abc_menu` WHERE `status` = 1 AND `pid` = 12 ORDER BY sort  [ RunTime:0.0003s ]
SQL: SELECT * FROM `abc_menu` WHERE `status` = 1 AND `pid` = 13 ORDER BY sort  [ RunTime:0.0002s ]
SQL: SELECT * FROM `abc_menu` WHERE `status` = 1 AND `pid` = 14 ORDER BY sort  [ RunTime:0.0002s ]
SQL: SELECT * FROM `abc_menu` WHERE `status` = 1 AND `pid` = 15 ORDER BY sort  [ RunTime:0.0002s ]
SQL: SELECT * FROM `abc_menu` WHERE `status` = 1 AND `pid` = 6 ORDER BY sort  [ RunTime:0.0002s ]
SQL: SELECT * FROM `abc_menu` WHERE `status` = 1 AND `pid` = 2 ORDER BY sort  [ RunTime:0.0003s ]
SQL: SELECT * FROM `abc_menu` WHERE `status` = 1 AND `pid` = 3 ORDER BY sort  [ RunTime:0.0002s ]
SQL: SELECT * FROM `abc_menu` WHERE `status` = 1 AND `pid` = 4 ORDER BY sort  [ RunTime:0.0002s ]
SQL: SELECT * FROM `abc_menu` WHERE `status` = 1 AND `pid` = 5 ORDER BY sort  [ RunTime:0.0002s ]
SQL: SELECT * FROM `abc_menu` WHERE `status` = 1 AND `pid` = 1 ORDER BY sort  [ RunTime:0.0002s ]
SQL: SELECT * FROM `abc_menu` WHERE `status` = 1 AND `pid` = 8 ORDER BY sort  [ RunTime:0.0002s ]
SQL: SELECT * FROM `abc_menu` WHERE `status` = 1 AND `pid` = 9 ORDER BY sort  [ RunTime:0.0002s ]
SQL: SELECT * FROM `abc_menu` WHERE `status` = 1 AND `pid` = 10 ORDER BY sort  [ RunTime:0.0002s ]

