[ 2017-09-04T09:43:16+08:00 ] 127.0.0.1 /
INFO: [ app_init ] --START--
INFO: Run Behavior\BuildLiteBehavior [ RunTime:0.000016s ]
INFO: [ app_init ] --END-- [ RunTime:0.000513s ]
INFO: [ app_begin ] --START--
INFO: Run Behavior\ReadHtmlCacheBehavior [ RunTime:0.001399s ]
INFO: [ app_begin ] --END-- [ RunTime:0.001497s ]
SQL: SHOW COLUMNS FROM `abc_menu` [ RunTime:0.0085s ]
NOTIC: [2] Missing argument 2 for getMenuTree(), called in D:\dev\Apache2.4\htdocs\web\App\Home\Controller\IndexController.class.php on line 7 and defined D:\dev\Apache2.4\htdocs\web\App\Common\Common\function.php 第 23 行.
SQL: SELECT * FROM `abc_menu` WHERE `status` = 1 AND `pid` = 0 ORDER BY sort asc,id asc  [ RunTime:0.0004s ]
SQL: SELECT * FROM `abc_menu` WHERE `status` = 1 AND `pid` = 1  [ RunTime:0.0003s ]
SQL: SELECT * FROM `abc_menu` WHERE `status` = 1 AND `pid` = 2  [ RunTime:0.0002s ]
SQL: SELECT * FROM `abc_menu` WHERE `status` = 1 AND `pid` = 3  [ RunTime:0.0003s ]
NOTIC: [8] Undefined variable: level D:\dev\Apache2.4\htdocs\web\App\Common\Common\function.php 第 37 行.
SQL: SELECT * FROM `abc_menu` WHERE `status` = 1 AND `pid` = 3 ORDER BY sort asc,id asc  [ RunTime:0.0002s ]
SQL: SELECT * FROM `abc_menu` WHERE `status` = 1 AND `pid` = 11  [ RunTime:0.0002s ]
SQL: SELECT * FROM `abc_menu` WHERE `status` = 1 AND `pid` = 12  [ RunTime:0.0002s ]
SQL: SELECT * FROM `abc_menu` WHERE `status` = 1 AND `pid` = 13  [ RunTime:0.0002s ]
SQL: SELECT * FROM `abc_menu` WHERE `status` = 1 AND `pid` = 14  [ RunTime:0.0002s ]
SQL: SELECT * FROM `abc_menu` WHERE `status` = 1 AND `pid` = 15  [ RunTime:0.0002s ]
SQL: SELECT * FROM `abc_menu` WHERE `status` = 1 AND `pid` = 16  [ RunTime:0.0002s ]
SQL: SELECT * FROM `abc_menu` WHERE `status` = 1 AND `pid` = 16 ORDER BY sort asc,id asc  [ RunTime:0.0002s ]
SQL: SELECT * FROM `abc_menu` WHERE `status` = 1 AND `pid` = 17  [ RunTime:0.0002s ]
SQL: SELECT * FROM `abc_menu` WHERE `status` = 1 AND `pid` = 18  [ RunTime:0.0002s ]
SQL: SELECT * FROM `abc_menu` WHERE `status` = 1 AND `pid` = 18 ORDER BY sort asc,id asc  [ RunTime:0.0002s ]
SQL: SELECT * FROM `abc_menu` WHERE `status` = 1 AND `pid` = 36  [ RunTime:0.0002s ]
SQL: SELECT * FROM `abc_menu` WHERE `status` = 1 AND `pid` = 37  [ RunTime:0.0002s ]
SQL: SELECT * FROM `abc_menu` WHERE `status` = 1 AND `pid` = 4  [ RunTime:0.0006s ]
NOTIC: [8] Undefined variable: level D:\dev\Apache2.4\htdocs\web\App\Common\Common\function.php 第 37 行.
SQL: SELECT * FROM `abc_menu` WHERE `status` = 1 AND `pid` = 4 ORDER BY sort asc,id asc  [ RunTime:0.0006s ]
SQL: SELECT * FROM `abc_menu` WHERE `status` = 1 AND `pid` = 19  [ RunTime:0.0003s ]
SQL: SELECT * FROM `abc_menu` WHERE `status` = 1 AND `pid` = 20  [ RunTime:0.0003s ]
SQL: SELECT * FROM `abc_menu` WHERE `status` = 1 AND `pid` = 5  [ RunTime:0.0003s ]
NOTIC: [8] Undefined variable: level D:\dev\Apache2.4\htdocs\web\App\Common\Common\function.php 第 37 行.
SQL: SELECT * FROM `abc_menu` WHERE `status` = 1 AND `pid` = 5 ORDER BY sort asc,id asc  [ RunTime:0.0003s ]
SQL: SELECT * FROM `abc_menu` WHERE `status` = 1 AND `pid` = 21  [ RunTime:0.0002s ]
SQL: SELECT * FROM `abc_menu` WHERE `status` = 1 AND `pid` = 22  [ RunTime:0.0002s ]
SQL: SELECT * FROM `abc_menu` WHERE `status` = 1 AND `pid` = 23  [ RunTime:0.0002s ]
SQL: SELECT * FROM `abc_menu` WHERE `status` = 1 AND `pid` = 24  [ RunTime:0.0002s ]
SQL: SELECT * FROM `abc_menu` WHERE `status` = 1 AND `pid` = 6  [ RunTime:0.0004s ]
SQL: SELECT * FROM `abc_menu` WHERE `status` = 1 AND `pid` = 7  [ RunTime:0.0003s ]
SQL: SELECT * FROM `abc_menu` WHERE `status` = 1 AND `pid` = 8  [ RunTime:0.0003s ]
SQL: SELECT * FROM `abc_menu` WHERE `status` = 1 AND `pid` = 9  [ RunTime:0.0003s ]
NOTIC: [8] Undefined variable: level D:\dev\Apache2.4\htdocs\web\App\Common\Common\function.php 第 37 行.
SQL: SELECT * FROM `abc_menu` WHERE `status` = 1 AND `pid` = 9 ORDER BY sort asc,id asc  [ RunTime:0.0003s ]
SQL: SELECT * FROM `abc_menu` WHERE `status` = 1 AND `pid` = 25  [ RunTime:0.0002s ]
SQL: SELECT * FROM `abc_menu` WHERE `status` = 1 AND `pid` = 26  [ RunTime:0.0002s ]
SQL: SELECT * FROM `abc_menu` WHERE `status` = 1 AND `pid` = 27  [ RunTime:0.0002s ]
SQL: SELECT * FROM `abc_menu` WHERE `status` = 1 AND `pid` = 28  [ RunTime:0.0002s ]
SQL: SELECT * FROM `abc_menu` WHERE `status` = 1 AND `pid` = 29  [ RunTime:0.0002s ]
SQL: SELECT * FROM `abc_menu` WHERE `status` = 1 AND `pid` = 30  [ RunTime:0.0002s ]
SQL: SELECT * FROM `abc_menu` WHERE `status` = 1 AND `pid` = 10  [ RunTime:0.0003s ]
NOTIC: [8] Undefined variable: level D:\dev\Apache2.4\htdocs\web\App\Common\Common\function.php 第 37 行.
SQL: SELECT * FROM `abc_menu` WHERE `status` = 1 AND `pid` = 10 ORDER BY sort asc,id asc  [ RunTime:0.0002s ]
SQL: SELECT * FROM `abc_menu` WHERE `status` = 1 AND `pid` = 31  [ RunTime:0.0002s ]
SQL: SELECT * FROM `abc_menu` WHERE `status` = 1 AND `pid` = 32  [ RunTime:0.0003s ]
SQL: SELECT * FROM `abc_menu` WHERE `status` = 1 AND `pid` = 33  [ RunTime:0.0003s ]
SQL: SELECT * FROM `abc_menu` WHERE `status` = 1 AND `pid` = 34  [ RunTime:0.0002s ]
SQL: SELECT * FROM `abc_menu` WHERE `status` = 1 AND `pid` = 35  [ RunTime:0.0002s ]
INFO: [ view_parse ] --START--
INFO: [ template_filter ] --START--
INFO: Run Behavior\ContentReplaceBehavior [ RunTime:0.001212s ]
INFO: [ template_filter ] --END-- [ RunTime:0.001352s ]
INFO: Run Behavior\ParseTemplateBehavior [ RunTime:0.042941s ]
INFO: [ view_parse ] --END-- [ RunTime:0.043053s ]
INFO: [ view_filter ] --START--
INFO: Run Behavior\WriteHtmlCacheBehavior [ RunTime:0.001459s ]
INFO: [ view_filter ] --END-- [ RunTime:0.001560s ]
INFO: [ app_end ] --START--
INFO: Run Behavior\ShowPageTraceBehavior [ RunTime:0.005459s ]
INFO: [ app_end ] --END-- [ RunTime:0.005651s ]

[ 2017-09-04T09:43:19+08:00 ] 127.0.0.1 /home/index/typography.html
INFO: [ app_init ] --START--
INFO: Run Behavior\BuildLiteBehavior [ RunTime:0.000023s ]
INFO: [ app_init ] --END-- [ RunTime:0.000744s ]
INFO: [ app_begin ] --START--
INFO: Run Behavior\ReadHtmlCacheBehavior [ RunTime:0.001322s ]
INFO: [ app_begin ] --END-- [ RunTime:0.001443s ]
SQL: SHOW COLUMNS FROM `abc_menu` [ RunTime:0.0043s ]
NOTIC: [2] Missing argument 2 for getMenuTree(), called in D:\dev\Apache2.4\htdocs\web\App\Home\Controller\IndexController.class.php on line 7 and defined D:\dev\Apache2.4\htdocs\web\App\Common\Common\function.php 第 23 行.
SQL: SELECT * FROM `abc_menu` WHERE `status` = 1 AND `pid` = 0 ORDER BY sort asc,id asc  [ RunTime:0.0003s ]
SQL: SELECT * FROM `abc_menu` WHERE `status` = 1 AND `pid` = 1  [ RunTime:0.0002s ]
SQL: SELECT * FROM `abc_menu` WHERE `status` = 1 AND `pid` = 2  [ RunTime:0.0002s ]
SQL: SELECT * FROM `abc_menu` WHERE `status` = 1 AND `pid` = 3  [ RunTime:0.0002s ]
NOTIC: [8] Undefined variable: level D:\dev\Apache2.4\htdocs\web\App\Common\Common\function.php 第 37 行.
SQL: SELECT * FROM `abc_menu` WHERE `status` = 1 AND `pid` = 3 ORDER BY sort asc,id asc  [ RunTime:0.0002s ]
SQL: SELECT * FROM `abc_menu` WHERE `status` = 1 AND `pid` = 11  [ RunTime:0.0002s ]
SQL: SELECT * FROM `abc_menu` WHERE `status` = 1 AND `pid` = 12  [ RunTime:0.0003s ]
SQL: SELECT * FROM `abc_menu` WHERE `status` = 1 AND `pid` = 13  [ RunTime:0.0003s ]
SQL: SELECT * FROM `abc_menu` WHERE `status` = 1 AND `pid` = 14  [ RunTime:0.0002s ]
SQL: SELECT * FROM `abc_menu` WHERE `status` = 1 AND `pid` = 15  [ RunTime:0.0002s ]
SQL: SELECT * FROM `abc_menu` WHERE `status` = 1 AND `pid` = 16  [ RunTime:0.0002s ]
SQL: SELECT * FROM `abc_menu` WHERE `status` = 1 AND `pid` = 16 ORDER BY sort asc,id asc  [ RunTime:0.0002s ]
SQL: SELECT * FROM `abc_menu` WHERE `status` = 1 AND `pid` = 17  [ RunTime:0.0002s ]
SQL: SELECT * FROM `abc_menu` WHERE `status` = 1 AND `pid` = 18  [ RunTime:0.0002s ]
SQL: SELECT * FROM `abc_menu` WHERE `status` = 1 AND `pid` = 18 ORDER BY sort asc,id asc  [ RunTime:0.0002s ]
SQL: SELECT * FROM `abc_menu` WHERE `status` = 1 AND `pid` = 36  [ RunTime:0.0003s ]
SQL: SELECT * FROM `abc_menu` WHERE `status` = 1 AND `pid` = 37  [ RunTime:0.0002s ]
SQL: SELECT * FROM `abc_menu` WHERE `status` = 1 AND `pid` = 4  [ RunTime:0.0003s ]
NOTIC: [8] Undefined variable: level D:\dev\Apache2.4\htdocs\web\App\Common\Common\function.php 第 37 行.
SQL: SELECT * FROM `abc_menu` WHERE `status` = 1 AND `pid` = 4 ORDER BY sort asc,id asc  [ RunTime:0.0002s ]
SQL: SELECT * FROM `abc_menu` WHERE `status` = 1 AND `pid` = 19  [ RunTime:0.0002s ]
SQL: SELECT * FROM `abc_menu` WHERE `status` = 1 AND `pid` = 20  [ RunTime:0.0002s ]
SQL: SELECT * FROM `abc_menu` WHERE `status` = 1 AND `pid` = 5  [ RunTime:0.0002s ]
NOTIC: [8] Undefined variable: level D:\dev\Apache2.4\htdocs\web\App\Common\Common\function.php 第 37 行.
SQL: SELECT * FROM `abc_menu` WHERE `status` = 1 AND `pid` = 5 ORDER BY sort asc,id asc  [ RunTime:0.0002s ]
SQL: SELECT * FROM `abc_menu` WHERE `status` = 1 AND `pid` = 21  [ RunTime:0.0002s ]
SQL: SELECT * FROM `abc_menu` WHERE `status` = 1 AND `pid` = 22  [ RunTime:0.0002s ]
SQL: SELECT * FROM `abc_menu` WHERE `status` = 1 AND `pid` = 23  [ RunTime:0.0002s ]
SQL: SELECT * FROM `abc_menu` WHERE `status` = 1 AND `pid` = 24  [ RunTime:0.0002s ]
SQL: SELECT * FROM `abc_menu` WHERE `status` = 1 AND `pid` = 6  [ RunTime:0.0002s ]
SQL: SELECT * FROM `abc_menu` WHERE `status` = 1 AND `pid` = 7  [ RunTime:0.0002s ]
SQL: SELECT * FROM `abc_menu` WHERE `status` = 1 AND `pid` = 8  [ RunTime:0.0002s ]
SQL: SELECT * FROM `abc_menu` WHERE `status` = 1 AND `pid` = 9  [ RunTime:0.0002s ]
NOTIC: [8] Undefined variable: level D:\dev\Apache2.4\htdocs\web\App\Common\Common\function.php 第 37 行.
SQL: SELECT * FROM `abc_menu` WHERE `status` = 1 AND `pid` = 9 ORDER BY sort asc,id asc  [ RunTime:0.0002s ]
SQL: SELECT * FROM `abc_menu` WHERE `status` = 1 AND `pid` = 25  [ RunTime:0.0002s ]
SQL: SELECT * FROM `abc_menu` WHERE `status` = 1 AND `pid` = 26  [ RunTime:0.0002s ]
SQL: SELECT * FROM `abc_menu` WHERE `status` = 1 AND `pid` = 27  [ RunTime:0.0002s ]
SQL: SELECT * FROM `abc_menu` WHERE `status` = 1 AND `pid` = 28  [ RunTime:0.0002s ]
SQL: SELECT * FROM `abc_menu` WHERE `status` = 1 AND `pid` = 29  [ RunTime:0.0002s ]
SQL: SELECT * FROM `abc_menu` WHERE `status` = 1 AND `pid` = 30  [ RunTime:0.0002s ]
SQL: SELECT * FROM `abc_menu` WHERE `status` = 1 AND `pid` = 10  [ RunTime:0.0002s ]
NOTIC: [8] Undefined variable: level D:\dev\Apache2.4\htdocs\web\App\Common\Common\function.php 第 37 行.
SQL: SELECT * FROM `abc_menu` WHERE `status` = 1 AND `pid` = 10 ORDER BY sort asc,id asc  [ RunTime:0.0002s ]
SQL: SELECT * FROM `abc_menu` WHERE `status` = 1 AND `pid` = 31  [ RunTime:0.0002s ]
SQL: SELECT * FROM `abc_menu` WHERE `status` = 1 AND `pid` = 32  [ RunTime:0.0002s ]
SQL: SELECT * FROM `abc_menu` WHERE `status` = 1 AND `pid` = 33  [ RunTime:0.0002s ]
SQL: SELECT * FROM `abc_menu` WHERE `status` = 1 AND `pid` = 34  [ RunTime:0.0002s ]
SQL: SELECT * FROM `abc_menu` WHERE `status` = 1 AND `pid` = 35  [ RunTime:0.0002s ]
INFO: [ view_parse ] --START--
INFO: [ template_filter ] --START--
INFO: Run Behavior\ContentReplaceBehavior [ RunTime:0.000252s ]
INFO: [ template_filter ] --END-- [ RunTime:0.000314s ]
INFO: Run Behavior\ParseTemplateBehavior [ RunTime:0.015112s ]
INFO: [ view_parse ] --END-- [ RunTime:0.015172s ]
INFO: [ view_filter ] --START--
INFO: Run Behavior\WriteHtmlCacheBehavior [ RunTime:0.000579s ]
INFO: [ view_filter ] --END-- [ RunTime:0.000623s ]
INFO: [ app_end ] --START--
INFO: Run Behavior\ShowPageTraceBehavior [ RunTime:0.001119s ]
INFO: [ app_end ] --END-- [ RunTime:0.001189s ]

[ 2017-09-04T09:43:19+08:00 ] 127.0.0.1 /home/index/Public/avatars/avatar.png
INFO: [ app_init ] --START--
INFO: Run Behavior\BuildLiteBehavior [ RunTime:0.000030s ]
INFO: [ app_init ] --END-- [ RunTime:0.000743s ]

[ 2017-09-04T09:43:19+08:00 ] 127.0.0.1 /home/index/Public/avatars/avatar3.png
INFO: [ app_init ] --START--
INFO: Run Behavior\BuildLiteBehavior [ RunTime:0.000039s ]
INFO: [ app_init ] --END-- [ RunTime:0.000996s ]

[ 2017-09-04T09:43:19+08:00 ] 127.0.0.1 /home/index/Public/avatars/avatar4.png
INFO: [ app_init ] --START--
INFO: Run Behavior\BuildLiteBehavior [ RunTime:0.000026s ]
INFO: [ app_init ] --END-- [ RunTime:0.000732s ]

[ 2017-09-04T09:43:19+08:00 ] 127.0.0.1 /home/index/Public/avatars/user.jpg
INFO: [ app_init ] --START--
INFO: Run Behavior\BuildLiteBehavior [ RunTime:0.000030s ]
INFO: [ app_init ] --END-- [ RunTime:0.000795s ]

[ 2017-09-04T09:43:21+08:00 ] 127.0.0.1 /home/index/elements.html
INFO: [ app_init ] --START--
INFO: Run Behavior\BuildLiteBehavior [ RunTime:0.000019s ]
INFO: [ app_init ] --END-- [ RunTime:0.000513s ]
INFO: [ app_begin ] --START--
INFO: Run Behavior\ReadHtmlCacheBehavior [ RunTime:0.000851s ]
INFO: [ app_begin ] --END-- [ RunTime:0.000930s ]
SQL: SHOW COLUMNS FROM `abc_menu` [ RunTime:0.0044s ]
NOTIC: [2] Missing argument 2 for getMenuTree(), called in D:\dev\Apache2.4\htdocs\web\App\Home\Controller\IndexController.class.php on line 7 and defined D:\dev\Apache2.4\htdocs\web\App\Common\Common\function.php 第 23 行.
SQL: SELECT * FROM `abc_menu` WHERE `status` = 1 AND `pid` = 0 ORDER BY sort asc,id asc  [ RunTime:0.0003s ]
SQL: SELECT * FROM `abc_menu` WHERE `status` = 1 AND `pid` = 1  [ RunTime:0.0002s ]
SQL: SELECT * FROM `abc_menu` WHERE `status` = 1 AND `pid` = 2  [ RunTime:0.0002s ]
SQL: SELECT * FROM `abc_menu` WHERE `status` = 1 AND `pid` = 3  [ RunTime:0.0002s ]
NOTIC: [8] Undefined variable: level D:\dev\Apache2.4\htdocs\web\App\Common\Common\function.php 第 37 行.
SQL: SELECT * FROM `abc_menu` WHERE `status` = 1 AND `pid` = 3 ORDER BY sort asc,id asc  [ RunTime:0.0002s ]
SQL: SELECT * FROM `abc_menu` WHERE `status` = 1 AND `pid` = 11  [ RunTime:0.0002s ]
SQL: SELECT * FROM `abc_menu` WHERE `status` = 1 AND `pid` = 12  [ RunTime:0.0002s ]
SQL: SELECT * FROM `abc_menu` WHERE `status` = 1 AND `pid` = 13  [ RunTime:0.0002s ]
SQL: SELECT * FROM `abc_menu` WHERE `status` = 1 AND `pid` = 14  [ RunTime:0.0002s ]
SQL: SELECT * FROM `abc_menu` WHERE `status` = 1 AND `pid` = 15  [ RunTime:0.0002s ]
SQL: SELECT * FROM `abc_menu` WHERE `status` = 1 AND `pid` = 16  [ RunTime:0.0003s ]
SQL: SELECT * FROM `abc_menu` WHERE `status` = 1 AND `pid` = 16 ORDER BY sort asc,id asc  [ RunTime:0.0002s ]
SQL: SELECT * FROM `abc_menu` WHERE `status` = 1 AND `pid` = 17  [ RunTime:0.0002s ]
SQL: SELECT * FROM `abc_menu` WHERE `status` = 1 AND `pid` = 18  [ RunTime:0.0002s ]
SQL: SELECT * FROM `abc_menu` WHERE `status` = 1 AND `pid` = 18 ORDER BY sort asc,id asc  [ RunTime:0.0002s ]
SQL: SELECT * FROM `abc_menu` WHERE `status` = 1 AND `pid` = 36  [ RunTime:0.0002s ]
SQL: SELECT * FROM `abc_menu` WHERE `status` = 1 AND `pid` = 37  [ RunTime:0.0001s ]
SQL: SELECT * FROM `abc_menu` WHERE `status` = 1 AND `pid` = 4  [ RunTime:0.0002s ]
NOTIC: [8] Undefined variable: level D:\dev\Apache2.4\htdocs\web\App\Common\Common\function.php 第 37 行.
SQL: SELECT * FROM `abc_menu` WHERE `status` = 1 AND `pid` = 4 ORDER BY sort asc,id asc  [ RunTime:0.0002s ]
SQL: SELECT * FROM `abc_menu` WHERE `status` = 1 AND `pid` = 19  [ RunTime:0.0002s ]
SQL: SELECT * FROM `abc_menu` WHERE `status` = 1 AND `pid` = 20  [ RunTime:0.0001s ]
SQL: SELECT * FROM `abc_menu` WHERE `status` = 1 AND `pid` = 5  [ RunTime:0.0002s ]
NOTIC: [8] Undefined variable: level D:\dev\Apache2.4\htdocs\web\App\Common\Common\function.php 第 37 行.
SQL: SELECT * FROM `abc_menu` WHERE `status` = 1 AND `pid` = 5 ORDER BY sort asc,id asc  [ RunTime:0.0002s ]
SQL: SELECT * FROM `abc_menu` WHERE `status` = 1 AND `pid` = 21  [ RunTime:0.0002s ]
SQL: SELECT * FROM `abc_menu` WHERE `status` = 1 AND `pid` = 22  [ RunTime:0.0002s ]
SQL: SELECT * FROM `abc_menu` WHERE `status` = 1 AND `pid` = 23  [ RunTime:0.0002s ]
SQL: SELECT * FROM `abc_menu` WHERE `status` = 1 AND `pid` = 24  [ RunTime:0.0001s ]
SQL: SELECT * FROM `abc_menu` WHERE `status` = 1 AND `pid` = 6  [ RunTime:0.0002s ]
SQL: SELECT * FROM `abc_menu` WHERE `status` = 1 AND `pid` = 7  [ RunTime:0.0001s ]
SQL: SELECT * FROM `abc_menu` WHERE `status` = 1 AND `pid` = 8  [ RunTime:0.0002s ]
SQL: SELECT * FROM `abc_menu` WHERE `status` = 1 AND `pid` = 9  [ RunTime:0.0002s ]
NOTIC: [8] Undefined variable: level D:\dev\Apache2.4\htdocs\web\App\Common\Common\function.php 第 37 行.
SQL: SELECT * FROM `abc_menu` WHERE `status` = 1 AND `pid` = 9 ORDER BY sort asc,id asc  [ RunTime:0.0003s ]
SQL: SELECT * FROM `abc_menu` WHERE `status` = 1 AND `pid` = 25  [ RunTime:0.0002s ]
SQL: SELECT * FROM `abc_menu` WHERE `status` = 1 AND `pid` = 26  [ RunTime:0.0002s ]
SQL: SELECT * FROM `abc_menu` WHERE `status` = 1 AND `pid` = 27  [ RunTime:0.0002s ]
SQL: SELECT * FROM `abc_menu` WHERE `status` = 1 AND `pid` = 28  [ RunTime:0.0002s ]
SQL: SELECT * FROM `abc_menu` WHERE `status` = 1 AND `pid` = 29  [ RunTime:0.0002s ]
SQL: SELECT * FROM `abc_menu` WHERE `status` = 1 AND `pid` = 30  [ RunTime:0.0002s ]
SQL: SELECT * FROM `abc_menu` WHERE `status` = 1 AND `pid` = 10  [ RunTime:0.0002s ]
NOTIC: [8] Undefined variable: level D:\dev\Apache2.4\htdocs\web\App\Common\Common\function.php 第 37 行.
SQL: SELECT * FROM `abc_menu` WHERE `status` = 1 AND `pid` = 10 ORDER BY sort asc,id asc  [ RunTime:0.0002s ]
SQL: SELECT * FROM `abc_menu` WHERE `status` = 1 AND `pid` = 31  [ RunTime:0.0002s ]
SQL: SELECT * FROM `abc_menu` WHERE `status` = 1 AND `pid` = 32  [ RunTime:0.0002s ]
SQL: SELECT * FROM `abc_menu` WHERE `status` = 1 AND `pid` = 33  [ RunTime:0.0002s ]
SQL: SELECT * FROM `abc_menu` WHERE `status` = 1 AND `pid` = 34  [ RunTime:0.0002s ]
SQL: SELECT * FROM `abc_menu` WHERE `status` = 1 AND `pid` = 35  [ RunTime:0.0002s ]
INFO: [ view_parse ] --START--
INFO: [ template_filter ] --START--
INFO: Run Behavior\ContentReplaceBehavior [ RunTime:0.000467s ]
INFO: [ template_filter ] --END-- [ RunTime:0.000527s ]
INFO: Run Behavior\ParseTemplateBehavior [ RunTime:0.020023s ]
INFO: [ view_parse ] --END-- [ RunTime:0.020088s ]
INFO: [ view_filter ] --START--
INFO: Run Behavior\WriteHtmlCacheBehavior [ RunTime:0.000582s ]
INFO: [ view_filter ] --END-- [ RunTime:0.000627s ]
INFO: [ app_end ] --START--
INFO: Run Behavior\ShowPageTraceBehavior [ RunTime:0.001383s ]
INFO: [ app_end ] --END-- [ RunTime:0.001495s ]

[ 2017-09-04T09:43:22+08:00 ] 127.0.0.1 /home/index/Public/avatars/avatar4.png
INFO: [ app_init ] --START--
INFO: Run Behavior\BuildLiteBehavior [ RunTime:0.000027s ]
INFO: [ app_init ] --END-- [ RunTime:0.000691s ]

[ 2017-09-04T09:43:22+08:00 ] 127.0.0.1 /home/index/Public/avatars/avatar.png
INFO: [ app_init ] --START--
INFO: Run Behavior\BuildLiteBehavior [ RunTime:0.000029s ]
INFO: [ app_init ] --END-- [ RunTime:0.000740s ]

[ 2017-09-04T09:43:22+08:00 ] 127.0.0.1 /home/index/Public/avatars/avatar3.png
INFO: [ app_init ] --START--
INFO: Run Behavior\BuildLiteBehavior [ RunTime:0.000027s ]
INFO: [ app_init ] --END-- [ RunTime:0.000755s ]

[ 2017-09-04T09:43:22+08:00 ] 127.0.0.1 /home/index/Public/avatars/user.jpg
INFO: [ app_init ] --START--
INFO: Run Behavior\BuildLiteBehavior [ RunTime:0.000016s ]
INFO: [ app_init ] --END-- [ RunTime:0.000482s ]

[ 2017-09-04T09:43:25+08:00 ] 127.0.0.1 /Home/Index/elements.html
INFO: [ app_init ] --START--
INFO: Run Behavior\BuildLiteBehavior [ RunTime:0.000030s ]
INFO: [ app_init ] --END-- [ RunTime:0.000894s ]
INFO: [ app_begin ] --START--
INFO: Run Behavior\ReadHtmlCacheBehavior [ RunTime:0.001166s ]
INFO: [ app_begin ] --END-- [ RunTime:0.001268s ]
SQL: SHOW COLUMNS FROM `abc_menu` [ RunTime:0.0046s ]
NOTIC: [2] Missing argument 2 for getMenuTree(), called in D:\dev\Apache2.4\htdocs\web\App\Home\Controller\IndexController.class.php on line 7 and defined D:\dev\Apache2.4\htdocs\web\App\Common\Common\function.php 第 23 行.
SQL: SELECT * FROM `abc_menu` WHERE `status` = 1 AND `pid` = 0 ORDER BY sort asc,id asc  [ RunTime:0.0006s ]
SQL: SELECT * FROM `abc_menu` WHERE `status` = 1 AND `pid` = 1  [ RunTime:0.0005s ]
SQL: SELECT * FROM `abc_menu` WHERE `status` = 1 AND `pid` = 2  [ RunTime:0.0003s ]
SQL: SELECT * FROM `abc_menu` WHERE `status` = 1 AND `pid` = 3  [ RunTime:0.0003s ]
NOTIC: [8] Undefined variable: level D:\dev\Apache2.4\htdocs\web\App\Common\Common\function.php 第 37 行.
SQL: SELECT * FROM `abc_menu` WHERE `status` = 1 AND `pid` = 3 ORDER BY sort asc,id asc  [ RunTime:0.0004s ]
SQL: SELECT * FROM `abc_menu` WHERE `status` = 1 AND `pid` = 11  [ RunTime:0.0002s ]
SQL: SELECT * FROM `abc_menu` WHERE `status` = 1 AND `pid` = 12  [ RunTime:0.0002s ]
SQL: SELECT * FROM `abc_menu` WHERE `status` = 1 AND `pid` = 13  [ RunTime:0.0003s ]
SQL: SELECT * FROM `abc_menu` WHERE `status` = 1 AND `pid` = 14  [ RunTime:0.0002s ]
SQL: SELECT * FROM `abc_menu` WHERE `status` = 1 AND `pid` = 15  [ RunTime:0.0002s ]
SQL: SELECT * FROM `abc_menu` WHERE `status` = 1 AND `pid` = 16  [ RunTime:0.0002s ]
SQL: SELECT * FROM `abc_menu` WHERE `status` = 1 AND `pid` = 16 ORDER BY sort asc,id asc  [ RunTime:0.0002s ]
SQL: SELECT * FROM `abc_menu` WHERE `status` = 1 AND `pid` = 17  [ RunTime:0.0002s ]
SQL: SELECT * FROM `abc_menu` WHERE `status` = 1 AND `pid` = 18  [ RunTime:0.0002s ]
SQL: SELECT * FROM `abc_menu` WHERE `status` = 1 AND `pid` = 18 ORDER BY sort asc,id asc  [ RunTime:0.0002s ]
SQL: SELECT * FROM `abc_menu` WHERE `status` = 1 AND `pid` = 36  [ RunTime:0.0001s ]
SQL: SELECT * FROM `abc_menu` WHERE `status` = 1 AND `pid` = 37  [ RunTime:0.0001s ]
SQL: SELECT * FROM `abc_menu` WHERE `status` = 1 AND `pid` = 4  [ RunTime:0.0001s ]
NOTIC: [8] Undefined variable: level D:\dev\Apache2.4\htdocs\web\App\Common\Common\function.php 第 37 行.
SQL: SELECT * FROM `abc_menu` WHERE `status` = 1 AND `pid` = 4 ORDER BY sort asc,id asc  [ RunTime:0.0001s ]
SQL: SELECT * FROM `abc_menu` WHERE `status` = 1 AND `pid` = 19  [ RunTime:0.0001s ]
SQL: SELECT * FROM `abc_menu` WHERE `status` = 1 AND `pid` = 20  [ RunTime:0.0001s ]
SQL: SELECT * FROM `abc_menu` WHERE `status` = 1 AND `pid` = 5  [ RunTime:0.0001s ]
NOTIC: [8] Undefined variable: level D:\dev\Apache2.4\htdocs\web\App\Common\Common\function.php 第 37 行.
SQL: SELECT * FROM `abc_menu` WHERE `status` = 1 AND `pid` = 5 ORDER BY sort asc,id asc  [ RunTime:0.0001s ]
SQL: SELECT * FROM `abc_menu` WHERE `status` = 1 AND `pid` = 21  [ RunTime:0.0001s ]
SQL: SELECT * FROM `abc_menu` WHERE `status` = 1 AND `pid` = 22  [ RunTime:0.0001s ]
SQL: SELECT * FROM `abc_menu` WHERE `status` = 1 AND `pid` = 23  [ RunTime:0.0001s ]
SQL: SELECT * FROM `abc_menu` WHERE `status` = 1 AND `pid` = 24  [ RunTime:0.0002s ]
SQL: SELECT * FROM `abc_menu` WHERE `status` = 1 AND `pid` = 6  [ RunTime:0.0001s ]
SQL: SELECT * FROM `abc_menu` WHERE `status` = 1 AND `pid` = 7  [ RunTime:0.0001s ]
SQL: SELECT * FROM `abc_menu` WHERE `status` = 1 AND `pid` = 8  [ RunTime:0.0001s ]
SQL: SELECT * FROM `abc_menu` WHERE `status` = 1 AND `pid` = 9  [ RunTime:0.0002s ]
NOTIC: [8] Undefined variable: level D:\dev\Apache2.4\htdocs\web\App\Common\Common\function.php 第 37 行.
SQL: SELECT * FROM `abc_menu` WHERE `status` = 1 AND `pid` = 9 ORDER BY sort asc,id asc  [ RunTime:0.0002s ]
SQL: SELECT * FROM `abc_menu` WHERE `status` = 1 AND `pid` = 25  [ RunTime:0.0002s ]
SQL: SELECT * FROM `abc_menu` WHERE `status` = 1 AND `pid` = 26  [ RunTime:0.0002s ]
SQL: SELECT * FROM `abc_menu` WHERE `status` = 1 AND `pid` = 27  [ RunTime:0.0001s ]
SQL: SELECT * FROM `abc_menu` WHERE `status` = 1 AND `pid` = 28  [ RunTime:0.0002s ]
SQL: SELECT * FROM `abc_menu` WHERE `status` = 1 AND `pid` = 29  [ RunTime:0.0002s ]
SQL: SELECT * FROM `abc_menu` WHERE `status` = 1 AND `pid` = 30  [ RunTime:0.0001s ]
SQL: SELECT * FROM `abc_menu` WHERE `status` = 1 AND `pid` = 10  [ RunTime:0.0002s ]
NOTIC: [8] Undefined variable: level D:\dev\Apache2.4\htdocs\web\App\Common\Common\function.php 第 37 行.
SQL: SELECT * FROM `abc_menu` WHERE `status` = 1 AND `pid` = 10 ORDER BY sort asc,id asc  [ RunTime:0.0002s ]
SQL: SELECT * FROM `abc_menu` WHERE `status` = 1 AND `pid` = 31  [ RunTime:0.0002s ]
SQL: SELECT * FROM `abc_menu` WHERE `status` = 1 AND `pid` = 32  [ RunTime:0.0002s ]
SQL: SELECT * FROM `abc_menu` WHERE `status` = 1 AND `pid` = 33  [ RunTime:0.0003s ]
SQL: SELECT * FROM `abc_menu` WHERE `status` = 1 AND `pid` = 34  [ RunTime:0.0003s ]
SQL: SELECT * FROM `abc_menu` WHERE `status` = 1 AND `pid` = 35  [ RunTime:0.0002s ]
INFO: [ view_parse ] --START--
INFO: [ template_filter ] --START--
INFO: Run Behavior\ContentReplaceBehavior [ RunTime:0.000559s ]
INFO: [ template_filter ] --END-- [ RunTime:0.000683s ]
INFO: Run Behavior\ParseTemplateBehavior [ RunTime:0.024070s ]
INFO: [ view_parse ] --END-- [ RunTime:0.024162s ]
INFO: [ view_filter ] --START--
INFO: Run Behavior\WriteHtmlCacheBehavior [ RunTime:0.000822s ]
INFO: [ view_filter ] --END-- [ RunTime:0.000900s ]
INFO: [ app_end ] --START--
INFO: Run Behavior\ShowPageTraceBehavior [ RunTime:0.001887s ]
INFO: [ app_end ] --END-- [ RunTime:0.001998s ]

[ 2017-09-04T09:43:25+08:00 ] 127.0.0.1 /Home/Index/Public/avatars/avatar.png
INFO: [ app_init ] --START--
INFO: Run Behavior\BuildLiteBehavior [ RunTime:0.000023s ]
INFO: [ app_init ] --END-- [ RunTime:0.000913s ]

[ 2017-09-04T09:43:25+08:00 ] 127.0.0.1 /Home/Index/Public/avatars/user.jpg
INFO: [ app_init ] --START--
INFO: Run Behavior\BuildLiteBehavior [ RunTime:0.000030s ]
INFO: [ app_init ] --END-- [ RunTime:0.000738s ]

[ 2017-09-04T09:43:25+08:00 ] 127.0.0.1 /Home/Index/Public/avatars/avatar3.png
INFO: [ app_init ] --START--
INFO: Run Behavior\BuildLiteBehavior [ RunTime:0.000026s ]
INFO: [ app_init ] --END-- [ RunTime:0.000704s ]

[ 2017-09-04T09:43:25+08:00 ] 127.0.0.1 /Home/Index/Public/avatars/avatar4.png
INFO: [ app_init ] --START--
INFO: Run Behavior\BuildLiteBehavior [ RunTime:0.000027s ]
INFO: [ app_init ] --END-- [ RunTime:0.000711s ]

[ 2017-09-04T09:43:52+08:00 ] 127.0.0.1 /home/index/elements.html
INFO: [ app_init ] --START--
INFO: Run Behavior\BuildLiteBehavior [ RunTime:0.000018s ]
INFO: [ app_init ] --END-- [ RunTime:0.000543s ]
INFO: [ app_begin ] --START--
INFO: Run Behavior\ReadHtmlCacheBehavior [ RunTime:0.003298s ]
INFO: [ app_begin ] --END-- [ RunTime:0.003484s ]
SQL: SHOW COLUMNS FROM `abc_menu` [ RunTime:0.0047s ]
NOTIC: [2] Missing argument 2 for getMenuTree(), called in D:\dev\Apache2.4\htdocs\web\App\Home\Controller\IndexController.class.php on line 7 and defined D:\dev\Apache2.4\htdocs\web\App\Common\Common\function.php 第 23 行.
SQL: SELECT * FROM `abc_menu` WHERE `status` = 1 AND `pid` = 0 ORDER BY sort asc,id asc  [ RunTime:0.0003s ]
SQL: SELECT * FROM `abc_menu` WHERE `status` = 1 AND `pid` = 1  [ RunTime:0.0002s ]
SQL: SELECT * FROM `abc_menu` WHERE `status` = 1 AND `pid` = 2  [ RunTime:0.0002s ]
SQL: SELECT * FROM `abc_menu` WHERE `status` = 1 AND `pid` = 3  [ RunTime:0.0002s ]
NOTIC: [8] Undefined variable: level D:\dev\Apache2.4\htdocs\web\App\Common\Common\function.php 第 37 行.
SQL: SELECT * FROM `abc_menu` WHERE `status` = 1 AND `pid` = 3 ORDER BY sort asc,id asc  [ RunTime:0.0002s ]
SQL: SELECT * FROM `abc_menu` WHERE `status` = 1 AND `pid` = 11  [ RunTime:0.0002s ]
SQL: SELECT * FROM `abc_menu` WHERE `status` = 1 AND `pid` = 12  [ RunTime:0.0002s ]
SQL: SELECT * FROM `abc_menu` WHERE `status` = 1 AND `pid` = 13  [ RunTime:0.0002s ]
SQL: SELECT * FROM `abc_menu` WHERE `status` = 1 AND `pid` = 14  [ RunTime:0.0002s ]
SQL: SELECT * FROM `abc_menu` WHERE `status` = 1 AND `pid` = 15  [ RunTime:0.0002s ]
SQL: SELECT * FROM `abc_menu` WHERE `status` = 1 AND `pid` = 16  [ RunTime:0.0002s ]
SQL: SELECT * FROM `abc_menu` WHERE `status` = 1 AND `pid` = 16 ORDER BY sort asc,id asc  [ RunTime:0.0002s ]
SQL: SELECT * FROM `abc_menu` WHERE `status` = 1 AND `pid` = 17  [ RunTime:0.0002s ]
SQL: SELECT * FROM `abc_menu` WHERE `status` = 1 AND `pid` = 18  [ RunTime:0.0002s ]
SQL: SELECT * FROM `abc_menu` WHERE `status` = 1 AND `pid` = 18 ORDER BY sort asc,id asc  [ RunTime:0.0002s ]
SQL: SELECT * FROM `abc_menu` WHERE `status` = 1 AND `pid` = 36  [ RunTime:0.0002s ]
SQL: SELECT * FROM `abc_menu` WHERE `status` = 1 AND `pid` = 37  [ RunTime:0.0002s ]
SQL: SELECT * FROM `abc_menu` WHERE `status` = 1 AND `pid` = 4  [ RunTime:0.0003s ]
NOTIC: [8] Undefined variable: level D:\dev\Apache2.4\htdocs\web\App\Common\Common\function.php 第 37 行.
SQL: SELECT * FROM `abc_menu` WHERE `status` = 1 AND `pid` = 4 ORDER BY sort asc,id asc  [ RunTime:0.0003s ]
SQL: SELECT * FROM `abc_menu` WHERE `status` = 1 AND `pid` = 19  [ RunTime:0.0004s ]
SQL: SELECT * FROM `abc_menu` WHERE `status` = 1 AND `pid` = 20  [ RunTime:0.0002s ]
SQL: SELECT * FROM `abc_menu` WHERE `status` = 1 AND `pid` = 5  [ RunTime:0.0002s ]
NOTIC: [8] Undefined variable: level D:\dev\Apache2.4\htdocs\web\App\Common\Common\function.php 第 37 行.
SQL: SELECT * FROM `abc_menu` WHERE `status` = 1 AND `pid` = 5 ORDER BY sort asc,id asc  [ RunTime:0.0002s ]
SQL: SELECT * FROM `abc_menu` WHERE `status` = 1 AND `pid` = 21  [ RunTime:0.0002s ]
SQL: SELECT * FROM `abc_menu` WHERE `status` = 1 AND `pid` = 22  [ RunTime:0.0002s ]
SQL: SELECT * FROM `abc_menu` WHERE `status` = 1 AND `pid` = 23  [ RunTime:0.0002s ]
SQL: SELECT * FROM `abc_menu` WHERE `status` = 1 AND `pid` = 24  [ RunTime:0.0002s ]
SQL: SELECT * FROM `abc_menu` WHERE `status` = 1 AND `pid` = 6  [ RunTime:0.0002s ]
SQL: SELECT * FROM `abc_menu` WHERE `status` = 1 AND `pid` = 7  [ RunTime:0.0002s ]
SQL: SELECT * FROM `abc_menu` WHERE `status` = 1 AND `pid` = 8  [ RunTime:0.0002s ]
SQL: SELECT * FROM `abc_menu` WHERE `status` = 1 AND `pid` = 9  [ RunTime:0.0002s ]
NOTIC: [8] Undefined variable: level D:\dev\Apache2.4\htdocs\web\App\Common\Common\function.php 第 37 行.
SQL: SELECT * FROM `abc_menu` WHERE `status` = 1 AND `pid` = 9 ORDER BY sort asc,id asc  [ RunTime:0.0002s ]
SQL: SELECT * FROM `abc_menu` WHERE `status` = 1 AND `pid` = 25  [ RunTime:0.0002s ]
SQL: SELECT * FROM `abc_menu` WHERE `status` = 1 AND `pid` = 26  [ RunTime:0.0002s ]
SQL: SELECT * FROM `abc_menu` WHERE `status` = 1 AND `pid` = 27  [ RunTime:0.0002s ]
SQL: SELECT * FROM `abc_menu` WHERE `status` = 1 AND `pid` = 28  [ RunTime:0.0002s ]
SQL: SELECT * FROM `abc_menu` WHERE `status` = 1 AND `pid` = 29  [ RunTime:0.0002s ]
SQL: SELECT * FROM `abc_menu` WHERE `status` = 1 AND `pid` = 30  [ RunTime:0.0002s ]
SQL: SELECT * FROM `abc_menu` WHERE `status` = 1 AND `pid` = 10  [ RunTime:0.0002s ]
NOTIC: [8] Undefined variable: level D:\dev\Apache2.4\htdocs\web\App\Common\Common\function.php 第 37 行.
SQL: SELECT * FROM `abc_menu` WHERE `status` = 1 AND `pid` = 10 ORDER BY sort asc,id asc  [ RunTime:0.0002s ]
SQL: SELECT * FROM `abc_menu` WHERE `status` = 1 AND `pid` = 31  [ RunTime:0.0002s ]
SQL: SELECT * FROM `abc_menu` WHERE `status` = 1 AND `pid` = 32  [ RunTime:0.0002s ]
SQL: SELECT * FROM `abc_menu` WHERE `status` = 1 AND `pid` = 33  [ RunTime:0.0002s ]
SQL: SELECT * FROM `abc_menu` WHERE `status` = 1 AND `pid` = 34  [ RunTime:0.0002s ]
SQL: SELECT * FROM `abc_menu` WHERE `status` = 1 AND `pid` = 35  [ RunTime:0.0002s ]
INFO: [ view_parse ] --START--
INFO: [ template_filter ] --START--
INFO: Run Behavior\ContentReplaceBehavior [ RunTime:0.000510s ]
INFO: [ template_filter ] --END-- [ RunTime:0.000596s ]
INFO: Run Behavior\ParseTemplateBehavior [ RunTime:0.020924s ]
INFO: [ view_parse ] --END-- [ RunTime:0.021004s ]
INFO: [ view_filter ] --START--
INFO: Run Behavior\WriteHtmlCacheBehavior [ RunTime:0.000916s ]
INFO: [ view_filter ] --END-- [ RunTime:0.000999s ]
INFO: [ app_end ] --START--
INFO: Run Behavior\ShowPageTraceBehavior [ RunTime:0.001511s ]
INFO: [ app_end ] --END-- [ RunTime:0.001641s ]

[ 2017-09-04T09:43:52+08:00 ] 127.0.0.1 /home/index/Public/avatars/avatar.png
INFO: [ app_init ] --START--
INFO: Run Behavior\BuildLiteBehavior [ RunTime:0.000027s ]
INFO: [ app_init ] --END-- [ RunTime:0.001073s ]

[ 2017-09-04T09:43:52+08:00 ] 127.0.0.1 /home/index/Public/avatars/avatar4.png
INFO: [ app_init ] --START--
INFO: Run Behavior\BuildLiteBehavior [ RunTime:0.000023s ]
INFO: [ app_init ] --END-- [ RunTime:0.000711s ]

[ 2017-09-04T09:43:52+08:00 ] 127.0.0.1 /home/index/Public/avatars/avatar3.png
INFO: [ app_init ] --START--
INFO: Run Behavior\BuildLiteBehavior [ RunTime:0.000032s ]
INFO: [ app_init ] --END-- [ RunTime:0.001796s ]

[ 2017-09-04T09:43:52+08:00 ] 127.0.0.1 /home/index/Public/avatars/user.jpg
INFO: [ app_init ] --START--
INFO: Run Behavior\BuildLiteBehavior [ RunTime:0.000028s ]
INFO: [ app_init ] --END-- [ RunTime:0.000860s ]

